{"C:\\Projects\\personal\\growth-journal\\src\\components\\Base\\BaseComponent.ts": {"path":"C:\\Projects\\personal\\growth-journal\\src\\components\\Base\\BaseComponent.ts","statementMap":{"0":{"start":{"line":6,"column":15},"end":{"line":6,"column":43}},"1":{"start":{"line":78,"column":4},"end":{"line":78,"column":12}},"2":{"start":{"line":31,"column":2},"end":{"line":31,"column":23}},"3":{"start":{"line":40,"column":10},"end":{"line":40,"column":30}},"4":{"start":{"line":43,"column":10},"end":{"line":43,"column":54}},"5":{"start":{"line":49,"column":10},"end":{"line":49,"column":43}},"6":{"start":{"line":52,"column":10},"end":{"line":52,"column":41}},"7":{"start":{"line":161,"column":2},"end":{"line":177,"column":4}},"8":{"start":{"line":163,"column":4},"end":{"line":169,"column":5}},"9":{"start":{"line":165,"column":27},"end":{"line":165,"column":75}},"10":{"start":{"line":166,"column":6},"end":{"line":166,"column":36}},"11":{"start":{"line":171,"column":4},"end":{"line":176,"column":5}},"12":{"start":{"line":172,"column":6},"end":{"line":172,"column":37}},"13":{"start":{"line":173,"column":6},"end":{"line":173,"column":31}},"14":{"start":{"line":174,"column":6},"end":{"line":174,"column":28}},"15":{"start":{"line":175,"column":6},"end":{"line":175,"column":30}},"16":{"start":{"line":79,"column":4},"end":{"line":79,"column":40}},"17":{"start":{"line":82,"column":32},"end":{"line":82,"column":44}},"18":{"start":{"line":83,"column":4},"end":{"line":85,"column":5}},"19":{"start":{"line":84,"column":6},"end":{"line":84,"column":48}},"20":{"start":{"line":88,"column":4},"end":{"line":94,"column":5}},"21":{"start":{"line":89,"column":6},"end":{"line":89,"column":30}},"22":{"start":{"line":90,"column":24},"end":{"line":90,"column":58}},"23":{"start":{"line":91,"column":6},"end":{"line":93,"column":7}},"24":{"start":{"line":92,"column":8},"end":{"line":92,"column":56}},"25":{"start":{"line":92,"column":31},"end":{"line":92,"column":56}},"26":{"start":{"line":97,"column":59},"end":{"line":105,"column":6}},"27":{"start":{"line":99,"column":20},"end":{"line":99,"column":62}},"28":{"start":{"line":100,"column":8},"end":{"line":102,"column":9}},"29":{"start":{"line":101,"column":10},"end":{"line":101,"column":61}},"30":{"start":{"line":103,"column":8},"end":{"line":103,"column":19}},"31":{"start":{"line":108,"column":4},"end":{"line":108,"column":91}},"32":{"start":{"line":109,"column":4},"end":{"line":109,"column":48}},"33":{"start":{"line":112,"column":4},"end":{"line":114,"column":5}},"34":{"start":{"line":113,"column":6},"end":{"line":113,"column":56}},"35":{"start":{"line":116,"column":4},"end":{"line":129,"column":5}},"36":{"start":{"line":118,"column":6},"end":{"line":118,"column":33}},"37":{"start":{"line":119,"column":6},"end":{"line":126,"column":8}},"38":{"start":{"line":120,"column":20},"end":{"line":120,"column":96}},"39":{"start":{"line":121,"column":8},"end":{"line":124,"column":9}},"40":{"start":{"line":122,"column":10},"end":{"line":122,"column":92}},"41":{"start":{"line":123,"column":10},"end":{"line":123,"column":20}},"42":{"start":{"line":125,"column":8},"end":{"line":125,"column":29}},"43":{"start":{"line":127,"column":11},"end":{"line":129,"column":5}},"44":{"start":{"line":128,"column":6},"end":{"line":128,"column":33}},"45":{"start":{"line":141,"column":4},"end":{"line":141,"column":25}},"46":{"start":{"line":142,"column":16},"end":{"line":142,"column":73}},"47":{"start":{"line":143,"column":4},"end":{"line":151,"column":5}},"48":{"start":{"line":144,"column":6},"end":{"line":144,"column":75}},"49":{"start":{"line":146,"column":6},"end":{"line":149,"column":8}},"50":{"start":{"line":147,"column":18},"end":{"line":147,"column":94}},"51":{"start":{"line":148,"column":8},"end":{"line":148,"column":36}},"52":{"start":{"line":150,"column":6},"end":{"line":150,"column":13}},"53":{"start":{"line":152,"column":4},"end":{"line":152,"column":42}},"54":{"start":{"line":152,"column":28},"end":{"line":152,"column":41}},"55":{"start":{"line":153,"column":4},"end":{"line":153,"column":18}},"56":{"start":{"line":196,"column":4},"end":{"line":196,"column":34}},"57":{"start":{"line":197,"column":4},"end":{"line":197,"column":18}},"58":{"start":{"line":205,"column":27},"end":{"line":205,"column":87}},"59":{"start":{"line":207,"column":4},"end":{"line":222,"column":5}},"60":{"start":{"line":209,"column":6},"end":{"line":221,"column":7}},"61":{"start":{"line":210,"column":25},"end":{"line":210,"column":58}},"62":{"start":{"line":211,"column":26},"end":{"line":211,"column":53}},"63":{"start":{"line":213,"column":8},"end":{"line":215,"column":9}},"64":{"start":{"line":214,"column":10},"end":{"line":214,"column":56}},"65":{"start":{"line":217,"column":26},"end":{"line":217,"column":53}},"66":{"start":{"line":218,"column":8},"end":{"line":220,"column":9}},"67":{"start":{"line":219,"column":10},"end":{"line":219,"column":56}},"68":{"start":{"line":231,"column":26},"end":{"line":231,"column":61}},"69":{"start":{"line":233,"column":4},"end":{"line":233,"column":83}},"70":{"start":{"line":233,"column":61},"end":{"line":233,"column":81}},"71":{"start":{"line":240,"column":26},"end":{"line":240,"column":74}},"72":{"start":{"line":241,"column":21},"end":{"line":241,"column":40}},"73":{"start":{"line":242,"column":25},"end":{"line":242,"column":34}},"74":{"start":{"line":244,"column":4},"end":{"line":244,"column":57}},"75":{"start":{"line":244,"column":31},"end":{"line":244,"column":57}},"76":{"start":{"line":245,"column":4},"end":{"line":245,"column":82}},"77":{"start":{"line":245,"column":32},"end":{"line":245,"column":82}},"78":{"start":{"line":248,"column":5},"end":{"line":248,"column":62}},"79":{"start":{"line":266,"column":4},"end":{"line":276,"column":5}},"80":{"start":{"line":268,"column":23},"end":{"line":268,"column":91}},"81":{"start":{"line":270,"column":6},"end":{"line":272,"column":7}},"82":{"start":{"line":271,"column":8},"end":{"line":271,"column":53}},"83":{"start":{"line":275,"column":6},"end":{"line":275,"column":61}},"84":{"start":{"line":289,"column":4},"end":{"line":289,"column":28}},"85":{"start":{"line":290,"column":4},"end":{"line":295,"column":5}},"86":{"start":{"line":291,"column":6},"end":{"line":292,"column":37}},"87":{"start":{"line":291,"column":17},"end":{"line":291,"column":44}},"88":{"start":{"line":292,"column":11},"end":{"line":292,"column":37}},"89":{"start":{"line":294,"column":6},"end":{"line":294,"column":44}},"90":{"start":{"line":305,"column":4},"end":{"line":305,"column":94}},"91":{"start":{"line":312,"column":4},"end":{"line":312,"column":49}},"92":{"start":{"line":312,"column":42},"end":{"line":312,"column":49}},"93":{"start":{"line":314,"column":4},"end":{"line":329,"column":5}},"94":{"start":{"line":315,"column":6},"end":{"line":315,"column":43}},"95":{"start":{"line":315,"column":34},"end":{"line":315,"column":43}},"96":{"start":{"line":317,"column":6},"end":{"line":328,"column":7}},"97":{"start":{"line":318,"column":21},"end":{"line":318,"column":51}},"98":{"start":{"line":319,"column":8},"end":{"line":319,"column":47}},"99":{"start":{"line":320,"column":8},"end":{"line":320,"column":37}},"100":{"start":{"line":321,"column":8},"end":{"line":321,"column":42}},"101":{"start":{"line":322,"column":8},"end":{"line":322,"column":31}},"102":{"start":{"line":324,"column":24},"end":{"line":324,"column":55}},"103":{"start":{"line":325,"column":8},"end":{"line":325,"column":32}},"104":{"start":{"line":326,"column":8},"end":{"line":326,"column":45}},"105":{"start":{"line":327,"column":8},"end":{"line":327,"column":31}},"106":{"start":{"line":345,"column":4},"end":{"line":345,"column":33}},"107":{"start":{"line":345,"column":26},"end":{"line":345,"column":33}},"108":{"start":{"line":346,"column":4},"end":{"line":346,"column":33}},"109":{"start":{"line":346,"column":26},"end":{"line":346,"column":33}},"110":{"start":{"line":348,"column":4},"end":{"line":386,"column":5}},"111":{"start":{"line":350,"column":6},"end":{"line":350,"column":26}},"112":{"start":{"line":353,"column":22},"end":{"line":353,"column":60}},"113":{"start":{"line":354,"column":24},"end":{"line":363,"column":10}},"114":{"start":{"line":356,"column":10},"end":{"line":356,"column":52}},"115":{"start":{"line":362,"column":10},"end":{"line":362,"column":43}},"116":{"start":{"line":365,"column":6},"end":{"line":365,"column":45}},"117":{"start":{"line":368,"column":23},"end":{"line":368,"column":83}},"118":{"start":{"line":369,"column":6},"end":{"line":376,"column":9}},"119":{"start":{"line":370,"column":20},"end":{"line":370,"column":48}},"120":{"start":{"line":371,"column":8},"end":{"line":371,"column":25}},"121":{"start":{"line":371,"column":18},"end":{"line":371,"column":25}},"122":{"start":{"line":372,"column":8},"end":{"line":372,"column":64}},"123":{"start":{"line":372,"column":37},"end":{"line":372,"column":64}},"124":{"start":{"line":373,"column":8},"end":{"line":373,"column":41}},"125":{"start":{"line":374,"column":19},"end":{"line":374,"column":62}},"126":{"start":{"line":375,"column":8},"end":{"line":375,"column":52}},"127":{"start":{"line":378,"column":6},"end":{"line":378,"column":25}},"128":{"start":{"line":379,"column":6},"end":{"line":379,"column":30}},"129":{"start":{"line":382,"column":6},"end":{"line":385,"column":7}},"130":{"start":{"line":383,"column":19},"end":{"line":383,"column":62}},"131":{"start":{"line":384,"column":8},"end":{"line":384,"column":74}},"132":{"start":{"line":384,"column":30},"end":{"line":384,"column":74}},"133":{"start":{"line":395,"column":4},"end":{"line":395,"column":54}},"134":{"start":{"line":395,"column":47},"end":{"line":395,"column":54}},"135":{"start":{"line":397,"column":4},"end":{"line":407,"column":5}},"136":{"start":{"line":398,"column":18},"end":{"line":398,"column":56}},"137":{"start":{"line":399,"column":17},"end":{"line":399,"column":70}},"138":{"start":{"line":400,"column":6},"end":{"line":400,"column":72}},"139":{"start":{"line":400,"column":28},"end":{"line":400,"column":72}},"140":{"start":{"line":403,"column":6},"end":{"line":406,"column":7}},"141":{"start":{"line":404,"column":19},"end":{"line":404,"column":60}},"142":{"start":{"line":405,"column":8},"end":{"line":405,"column":74}},"143":{"start":{"line":405,"column":30},"end":{"line":405,"column":74}},"144":{"start":{"line":417,"column":4},"end":{"line":417,"column":33}},"145":{"start":{"line":417,"column":26},"end":{"line":417,"column":33}},"146":{"start":{"line":418,"column":27},"end":{"line":418,"column":89}},"147":{"start":{"line":419,"column":4},"end":{"line":430,"column":7}},"148":{"start":{"line":420,"column":22},"end":{"line":420,"column":57}},"149":{"start":{"line":421,"column":6},"end":{"line":429,"column":9}},"150":{"start":{"line":422,"column":36},"end":{"line":422,"column":74}},"151":{"start":{"line":422,"column":65},"end":{"line":422,"column":73}},"152":{"start":{"line":423,"column":24},"end":{"line":423,"column":68}},"153":{"start":{"line":424,"column":8},"end":{"line":428,"column":9}},"154":{"start":{"line":425,"column":10},"end":{"line":425,"column":56}},"155":{"start":{"line":427,"column":10},"end":{"line":427,"column":94}},"156":{"start":{"line":28,"column":9},"end":{"line":28,"column":40}}},"fnMap":{"0":{"name":"(anonymous_0)","decl":{"start":{"line":73,"column":2},"end":{"line":73,"column":null}},"loc":{"start":{"line":76,"column":21},"end":{"line":130,"column":3}}},"1":{"name":"(anonymous_1)","decl":{"start":{"line":161,"column":25},"end":{"line":161,"column":34}},"loc":{"start":{"line":161,"column":36},"end":{"line":177,"column":3}}},"2":{"name":"(anonymous_2)","decl":{"start":{"line":98,"column":11},"end":{"line":98,"column":12}},"loc":{"start":{"line":98,"column":35},"end":{"line":104,"column":7}}},"3":{"name":"(anonymous_3)","decl":{"start":{"line":119,"column":24},"end":{"line":119,"column":27}},"loc":{"start":{"line":119,"column":29},"end":{"line":126,"column":7}}},"4":{"name":"(anonymous_4)","decl":{"start":{"line":140,"column":2},"end":{"line":140,"column":17}},"loc":{"start":{"line":140,"column":28},"end":{"line":154,"column":3}}},"5":{"name":"(anonymous_5)","decl":{"start":{"line":146,"column":24},"end":{"line":146,"column":27}},"loc":{"start":{"line":146,"column":29},"end":{"line":149,"column":7}}},"6":{"name":"(anonymous_6)","decl":{"start":{"line":152,"column":22},"end":{"line":152,"column":25}},"loc":{"start":{"line":152,"column":28},"end":{"line":152,"column":41}}},"7":{"name":"(anonymous_7)","decl":{"start":{"line":184,"column":12},"end":{"line":184,"column":24}},"loc":{"start":{"line":184,"column":24},"end":{"line":186,"column":3}}},"8":{"name":"(anonymous_8)","decl":{"start":{"line":194,"column":2},"end":{"line":194,"column":19}},"loc":{"start":{"line":194,"column":19},"end":{"line":198,"column":3}}},"9":{"name":"(anonymous_9)","decl":{"start":{"line":204,"column":10},"end":{"line":204,"column":32}},"loc":{"start":{"line":204,"column":32},"end":{"line":223,"column":3}}},"10":{"name":"(anonymous_10)","decl":{"start":{"line":230,"column":10},"end":{"line":230,"column":28}},"loc":{"start":{"line":230,"column":45},"end":{"line":234,"column":3}}},"11":{"name":"(anonymous_11)","decl":{"start":{"line":233,"column":46},"end":{"line":233,"column":47}},"loc":{"start":{"line":233,"column":61},"end":{"line":233,"column":81}}},"12":{"name":"(anonymous_12)","decl":{"start":{"line":239,"column":10},"end":{"line":239,"column":29}},"loc":{"start":{"line":239,"column":65},"end":{"line":249,"column":3}}},"13":{"name":"(anonymous_13)","decl":{"start":{"line":265,"column":2},"end":{"line":265,"column":26}},"loc":{"start":{"line":265,"column":89},"end":{"line":277,"column":3}}},"14":{"name":"(anonymous_14)","decl":{"start":{"line":287,"column":12},"end":{"line":287,"column":19}},"loc":{"start":{"line":287,"column":77},"end":{"line":296,"column":3}}},"15":{"name":"(anonymous_15)","decl":{"start":{"line":304,"column":2},"end":{"line":304,"column":6}},"loc":{"start":{"line":304,"column":73},"end":{"line":306,"column":3}}},"16":{"name":"(anonymous_16)","decl":{"start":{"line":311,"column":10},"end":{"line":311,"column":22}},"loc":{"start":{"line":311,"column":22},"end":{"line":330,"column":3}}},"17":{"name":"(anonymous_17)","decl":{"start":{"line":344,"column":2},"end":{"line":344,"column":8}},"loc":{"start":{"line":344,"column":8},"end":{"line":387,"column":3}}},"18":{"name":"(anonymous_18)","decl":{"start":{"line":355,"column":41},"end":{"line":355,"column":42}},"loc":{"start":{"line":355,"column":53},"end":{"line":357,"column":9}}},"19":{"name":"(anonymous_19)","decl":{"start":{"line":361,"column":63},"end":{"line":361,"column":64}},"loc":{"start":{"line":361,"column":83},"end":{"line":363,"column":9}}},"20":{"name":"(anonymous_20)","decl":{"start":{"line":369,"column":23},"end":{"line":369,"column":24}},"loc":{"start":{"line":369,"column":30},"end":{"line":376,"column":7}}},"21":{"name":"(anonymous_21)","decl":{"start":{"line":394,"column":12},"end":{"line":394,"column":26}},"loc":{"start":{"line":394,"column":54},"end":{"line":408,"column":3}}},"22":{"name":"(anonymous_22)","decl":{"start":{"line":416,"column":2},"end":{"line":416,"column":13}},"loc":{"start":{"line":416,"column":13},"end":{"line":431,"column":3}}},"23":{"name":"(anonymous_23)","decl":{"start":{"line":419,"column":27},"end":{"line":419,"column":28}},"loc":{"start":{"line":419,"column":34},"end":{"line":430,"column":5}}},"24":{"name":"(anonymous_24)","decl":{"start":{"line":421,"column":22},"end":{"line":421,"column":23}},"loc":{"start":{"line":421,"column":33},"end":{"line":429,"column":7}}},"25":{"name":"(anonymous_25)","decl":{"start":{"line":422,"column":58},"end":{"line":422,"column":59}},"loc":{"start":{"line":422,"column":65},"end":{"line":422,"column":73}}}},"branchMap":{"0":{"loc":{"start":{"line":171,"column":4},"end":{"line":176,"column":5}},"type":"if","locations":[{"start":{"line":171,"column":4},"end":{"line":176,"column":5}}]},"1":{"loc":{"start":{"line":83,"column":4},"end":{"line":85,"column":5}},"type":"if","locations":[{"start":{"line":83,"column":4},"end":{"line":85,"column":5}}]},"2":{"loc":{"start":{"line":83,"column":8},"end":{"line":83,"column":50}},"type":"binary-expr","locations":[{"start":{"line":83,"column":8},"end":{"line":83,"column":29}},{"start":{"line":83,"column":33},"end":{"line":83,"column":50}}]},"3":{"loc":{"start":{"line":88,"column":4},"end":{"line":94,"column":5}},"type":"if","locations":[{"start":{"line":88,"column":4},"end":{"line":94,"column":5}}]},"4":{"loc":{"start":{"line":92,"column":8},"end":{"line":92,"column":56}},"type":"if","locations":[{"start":{"line":92,"column":8},"end":{"line":92,"column":56}}]},"5":{"loc":{"start":{"line":100,"column":8},"end":{"line":102,"column":9}},"type":"if","locations":[{"start":{"line":100,"column":8},"end":{"line":102,"column":9}}]},"6":{"loc":{"start":{"line":100,"column":12},"end":{"line":100,"column":56}},"type":"binary-expr","locations":[{"start":{"line":100,"column":12},"end":{"line":100,"column":28}},{"start":{"line":100,"column":32},"end":{"line":100,"column":56}}]},"7":{"loc":{"start":{"line":109,"column":17},"end":{"line":109,"column":47}},"type":"binary-expr","locations":[{"start":{"line":109,"column":17},"end":{"line":109,"column":33}},{"start":{"line":109,"column":37},"end":{"line":109,"column":47}}]},"8":{"loc":{"start":{"line":112,"column":4},"end":{"line":114,"column":5}},"type":"if","locations":[{"start":{"line":112,"column":4},"end":{"line":114,"column":5}}]},"9":{"loc":{"start":{"line":116,"column":4},"end":{"line":129,"column":5}},"type":"if","locations":[{"start":{"line":116,"column":4},"end":{"line":129,"column":5}},{"start":{"line":127,"column":11},"end":{"line":129,"column":5}}]},"10":{"loc":{"start":{"line":120,"column":44},"end":{"line":120,"column":65}},"type":"binary-expr","locations":[{"start":{"line":120,"column":44},"end":{"line":120,"column":59}},{"start":{"line":120,"column":63},"end":{"line":120,"column":65}}]},"11":{"loc":{"start":{"line":121,"column":8},"end":{"line":124,"column":9}},"type":"if","locations":[{"start":{"line":121,"column":8},"end":{"line":124,"column":9}}]},"12":{"loc":{"start":{"line":127,"column":11},"end":{"line":129,"column":5}},"type":"if","locations":[{"start":{"line":127,"column":11},"end":{"line":129,"column":5}}]},"13":{"loc":{"start":{"line":143,"column":4},"end":{"line":151,"column":5}},"type":"if","locations":[{"start":{"line":143,"column":4},"end":{"line":151,"column":5}}]},"14":{"loc":{"start":{"line":147,"column":42},"end":{"line":147,"column":63}},"type":"binary-expr","locations":[{"start":{"line":147,"column":42},"end":{"line":147,"column":57}},{"start":{"line":147,"column":61},"end":{"line":147,"column":63}}]},"15":{"loc":{"start":{"line":148,"column":15},"end":{"line":148,"column":35}},"type":"cond-expr","locations":[{"start":{"line":148,"column":19},"end":{"line":148,"column":30}},{"start":{"line":148,"column":33},"end":{"line":148,"column":35}}]},"16":{"loc":{"start":{"line":209,"column":6},"end":{"line":221,"column":7}},"type":"if","locations":[{"start":{"line":209,"column":6},"end":{"line":221,"column":7}},{"start":{"line":216,"column":13},"end":{"line":221,"column":7}}]},"17":{"loc":{"start":{"line":213,"column":8},"end":{"line":215,"column":9}},"type":"if","locations":[{"start":{"line":213,"column":8},"end":{"line":215,"column":9}}]},"18":{"loc":{"start":{"line":218,"column":8},"end":{"line":220,"column":9}},"type":"if","locations":[{"start":{"line":218,"column":8},"end":{"line":220,"column":9}}]},"19":{"loc":{"start":{"line":244,"column":4},"end":{"line":244,"column":57}},"type":"if","locations":[{"start":{"line":244,"column":4},"end":{"line":244,"column":57}}]},"20":{"loc":{"start":{"line":245,"column":4},"end":{"line":245,"column":82}},"type":"if","locations":[{"start":{"line":245,"column":4},"end":{"line":245,"column":82}}]},"21":{"loc":{"start":{"line":245,"column":40},"end":{"line":245,"column":81}},"type":"binary-expr","locations":[{"start":{"line":245,"column":40},"end":{"line":245,"column":61}},{"start":{"line":245,"column":65},"end":{"line":245,"column":81}}]},"22":{"loc":{"start":{"line":266,"column":4},"end":{"line":276,"column":5}},"type":"if","locations":[{"start":{"line":266,"column":4},"end":{"line":276,"column":5}}]},"23":{"loc":{"start":{"line":268,"column":23},"end":{"line":268,"column":91}},"type":"cond-expr","locations":[{"start":{"line":268,"column":55},"end":{"line":268,"column":84}},{"start":{"line":268,"column":87},"end":{"line":268,"column":91}}]},"24":{"loc":{"start":{"line":270,"column":6},"end":{"line":272,"column":7}},"type":"if","locations":[{"start":{"line":270,"column":6},"end":{"line":272,"column":7}}]},"25":{"loc":{"start":{"line":290,"column":4},"end":{"line":295,"column":5}},"type":"if","locations":[{"start":{"line":290,"column":4},"end":{"line":295,"column":5}},{"start":{"line":293,"column":11},"end":{"line":295,"column":5}}]},"26":{"loc":{"start":{"line":291,"column":6},"end":{"line":292,"column":37}},"type":"if","locations":[{"start":{"line":291,"column":6},"end":{"line":292,"column":37}},{"start":{"line":292,"column":11},"end":{"line":292,"column":37}}]},"27":{"loc":{"start":{"line":312,"column":4},"end":{"line":312,"column":49}},"type":"if","locations":[{"start":{"line":312,"column":4},"end":{"line":312,"column":49}}]},"28":{"loc":{"start":{"line":312,"column":8},"end":{"line":312,"column":40}},"type":"binary-expr","locations":[{"start":{"line":312,"column":8},"end":{"line":312,"column":24}},{"start":{"line":312,"column":28},"end":{"line":312,"column":40}}]},"29":{"loc":{"start":{"line":315,"column":6},"end":{"line":315,"column":43}},"type":"if","locations":[{"start":{"line":315,"column":6},"end":{"line":315,"column":43}}]},"30":{"loc":{"start":{"line":317,"column":6},"end":{"line":328,"column":7}},"type":"if","locations":[{"start":{"line":317,"column":6},"end":{"line":328,"column":7}},{"start":{"line":323,"column":13},"end":{"line":328,"column":7}}]},"31":{"loc":{"start":{"line":345,"column":4},"end":{"line":345,"column":33}},"type":"if","locations":[{"start":{"line":345,"column":4},"end":{"line":345,"column":33}}]},"32":{"loc":{"start":{"line":346,"column":4},"end":{"line":346,"column":33}},"type":"if","locations":[{"start":{"line":346,"column":4},"end":{"line":346,"column":33}}]},"33":{"loc":{"start":{"line":348,"column":4},"end":{"line":386,"column":5}},"type":"if","locations":[{"start":{"line":348,"column":4},"end":{"line":386,"column":5}},{"start":{"line":380,"column":11},"end":{"line":386,"column":5}}]},"34":{"loc":{"start":{"line":371,"column":8},"end":{"line":371,"column":25}},"type":"if","locations":[{"start":{"line":371,"column":8},"end":{"line":371,"column":25}}]},"35":{"loc":{"start":{"line":372,"column":8},"end":{"line":372,"column":64}},"type":"if","locations":[{"start":{"line":372,"column":8},"end":{"line":372,"column":64}}]},"36":{"loc":{"start":{"line":375,"column":25},"end":{"line":375,"column":51}},"type":"cond-expr","locations":[{"start":{"line":375,"column":37},"end":{"line":375,"column":39}},{"start":{"line":375,"column":42},"end":{"line":375,"column":51}}]},"37":{"loc":{"start":{"line":384,"column":47},"end":{"line":384,"column":73}},"type":"cond-expr","locations":[{"start":{"line":384,"column":59},"end":{"line":384,"column":61}},{"start":{"line":384,"column":64},"end":{"line":384,"column":73}}]},"38":{"loc":{"start":{"line":395,"column":4},"end":{"line":395,"column":54}},"type":"if","locations":[{"start":{"line":395,"column":4},"end":{"line":395,"column":54}}]},"39":{"loc":{"start":{"line":395,"column":8},"end":{"line":395,"column":45}},"type":"binary-expr","locations":[{"start":{"line":395,"column":8},"end":{"line":395,"column":24}},{"start":{"line":395,"column":28},"end":{"line":395,"column":45}}]},"40":{"loc":{"start":{"line":397,"column":4},"end":{"line":407,"column":5}},"type":"if","locations":[{"start":{"line":397,"column":4},"end":{"line":407,"column":5}},{"start":{"line":401,"column":11},"end":{"line":407,"column":5}}]},"41":{"loc":{"start":{"line":398,"column":18},"end":{"line":398,"column":56}},"type":"binary-expr","locations":[{"start":{"line":398,"column":18},"end":{"line":398,"column":50}},{"start":{"line":398,"column":54},"end":{"line":398,"column":56}}]},"42":{"loc":{"start":{"line":400,"column":45},"end":{"line":400,"column":71}},"type":"cond-expr","locations":[{"start":{"line":400,"column":57},"end":{"line":400,"column":59}},{"start":{"line":400,"column":62},"end":{"line":400,"column":71}}]},"43":{"loc":{"start":{"line":405,"column":47},"end":{"line":405,"column":73}},"type":"cond-expr","locations":[{"start":{"line":405,"column":59},"end":{"line":405,"column":61}},{"start":{"line":405,"column":64},"end":{"line":405,"column":73}}]},"44":{"loc":{"start":{"line":417,"column":4},"end":{"line":417,"column":33}},"type":"if","locations":[{"start":{"line":417,"column":4},"end":{"line":417,"column":33}}]},"45":{"loc":{"start":{"line":420,"column":22},"end":{"line":420,"column":57}},"type":"binary-expr","locations":[{"start":{"line":420,"column":22},"end":{"line":420,"column":51}},{"start":{"line":420,"column":55},"end":{"line":420,"column":57}}]},"46":{"loc":{"start":{"line":424,"column":8},"end":{"line":428,"column":9}},"type":"if","locations":[{"start":{"line":424,"column":8},"end":{"line":428,"column":9}},{"start":{"line":426,"column":15},"end":{"line":428,"column":9}}]},"47":{"loc":{"start":{"line":424,"column":12},"end":{"line":424,"column":49}},"type":"binary-expr","locations":[{"start":{"line":424,"column":12},"end":{"line":424,"column":17}},{"start":{"line":424,"column":21},"end":{"line":424,"column":49}}]}},"s":{"0":1,"1":1,"2":1,"3":1,"4":1,"5":1,"6":1,"7":1,"8":0,"9":0,"10":0,"11":0,"12":0,"13":0,"14":0,"15":0,"16":1,"17":1,"18":1,"19":1,"20":1,"21":1,"22":1,"23":1,"24":1,"25":0,"26":1,"27":0,"28":0,"29":0,"30":0,"31":1,"32":1,"33":1,"34":1,"35":1,"36":0,"37":0,"38":0,"39":0,"40":0,"41":0,"42":0,"43":1,"44":1,"45":0,"46":0,"47":0,"48":0,"49":0,"50":0,"51":0,"52":0,"53":0,"54":0,"55":0,"56":1,"57":1,"58":1,"59":1,"60":0,"61":0,"62":0,"63":0,"64":0,"65":0,"66":0,"67":0,"68":0,"69":0,"70":0,"71":0,"72":0,"73":0,"74":0,"75":0,"76":0,"77":0,"78":0,"79":0,"80":0,"81":0,"82":0,"83":0,"84":0,"85":0,"86":0,"87":0,"88":0,"89":0,"90":0,"91":1,"92":0,"93":1,"94":1,"95":0,"96":1,"97":0,"98":0,"99":0,"100":0,"101":0,"102":1,"103":1,"104":1,"105":1,"106":1,"107":0,"108":1,"109":0,"110":1,"111":1,"112":1,"113":1,"114":0,"115":0,"116":1,"117":1,"118":1,"119":0,"120":0,"121":0,"122":0,"123":0,"124":0,"125":0,"126":0,"127":1,"128":1,"129":0,"130":0,"131":0,"132":0,"133":0,"134":0,"135":0,"136":0,"137":0,"138":0,"139":0,"140":0,"141":0,"142":0,"143":0,"144":1,"145":0,"146":1,"147":1,"148":0,"149":0,"150":0,"151":0,"152":0,"153":0,"154":0,"155":0,"156":1},"f":{"0":1,"1":0,"2":0,"3":0,"4":0,"5":0,"6":0,"7":0,"8":1,"9":1,"10":0,"11":0,"12":0,"13":0,"14":0,"15":0,"16":1,"17":1,"18":0,"19":0,"20":0,"21":0,"22":1,"23":0,"24":0,"25":0},"b":{"0":[0],"1":[1],"2":[1,1],"3":[1],"4":[0],"5":[0],"6":[0,0],"7":[1,0],"8":[1],"9":[0,1],"10":[0,0],"11":[0],"12":[1],"13":[0],"14":[0,0],"15":[0,0],"16":[0,0],"17":[0],"18":[0],"19":[0],"20":[0],"21":[0,0],"22":[0],"23":[0,0],"24":[0],"25":[0,0],"26":[0,0],"27":[0],"28":[1,1],"29":[0],"30":[0,1],"31":[0],"32":[0],"33":[1,0],"34":[0],"35":[0],"36":[0,0],"37":[0,0],"38":[0],"39":[0,0],"40":[0,0],"41":[0,0],"42":[0,0],"43":[0,0],"44":[0],"45":[0,0],"46":[0,0],"47":[0,0]}}
,"C:\\Projects\\personal\\growth-journal\\src\\components\\Settings\\Settings.ts": {"path":"C:\\Projects\\personal\\growth-journal\\src\\components\\Settings\\Settings.ts","statementMap":{"0":{"start":{"line":9,"column":28},"end":{"line":9,"column":58}},"1":{"start":{"line":13,"column":4},"end":{"line":13,"column":40}},"2":{"start":{"line":13,"column":16},"end":{"line":13,"column":24}},"3":{"start":{"line":18,"column":19},"end":{"line":18,"column":86}},"4":{"start":{"line":19,"column":4},"end":{"line":31,"column":5}},"5":{"start":{"line":20,"column":6},"end":{"line":25,"column":9}},"6":{"start":{"line":27,"column":6},"end":{"line":30,"column":9}},"7":{"start":{"line":29,"column":8},"end":{"line":29,"column":65}},"8":{"start":{"line":34,"column":22},"end":{"line":34,"column":95}},"9":{"start":{"line":35,"column":25},"end":{"line":35,"column":98}},"10":{"start":{"line":36,"column":4},"end":{"line":44,"column":5}},"11":{"start":{"line":37,"column":6},"end":{"line":43,"column":9}},"12":{"start":{"line":39,"column":10},"end":{"line":41,"column":30}},"13":{"start":{"line":42,"column":8},"end":{"line":42,"column":37}},"14":{"start":{"line":47,"column":23},"end":{"line":47,"column":97}},"15":{"start":{"line":48,"column":26},"end":{"line":48,"column":97}},"16":{"start":{"line":49,"column":4},"end":{"line":81,"column":5}},"17":{"start":{"line":50,"column":23},"end":{"line":50,"column":62}},"18":{"start":{"line":51,"column":6},"end":{"line":80,"column":7}},"19":{"start":{"line":52,"column":8},"end":{"line":52,"column":75}},"20":{"start":{"line":53,"column":8},"end":{"line":63,"column":11}},"21":{"start":{"line":54,"column":10},"end":{"line":62,"column":11}},"22":{"start":{"line":55,"column":12},"end":{"line":55,"column":30}},"23":{"start":{"line":56,"column":27},"end":{"line":56,"column":52}},"24":{"start":{"line":57,"column":12},"end":{"line":59,"column":76}},"25":{"start":{"line":58,"column":14},"end":{"line":58,"column":73}},"26":{"start":{"line":59,"column":17},"end":{"line":59,"column":76}},"27":{"start":{"line":61,"column":12},"end":{"line":61,"column":76}},"28":{"start":{"line":66,"column":30},"end":{"line":66,"column":99}},"29":{"start":{"line":68,"column":8},"end":{"line":79,"column":9}},"30":{"start":{"line":69,"column":10},"end":{"line":75,"column":11}},"31":{"start":{"line":70,"column":12},"end":{"line":70,"column":79}},"32":{"start":{"line":71,"column":12},"end":{"line":71,"column":39}},"33":{"start":{"line":73,"column":12},"end":{"line":73,"column":78}},"34":{"start":{"line":73,"column":55},"end":{"line":73,"column":76}},"35":{"start":{"line":74,"column":12},"end":{"line":74,"column":83}},"36":{"start":{"line":77,"column":10},"end":{"line":77,"column":81}},"37":{"start":{"line":78,"column":10},"end":{"line":78,"column":37}},"38":{"start":{"line":86,"column":4},"end":{"line":91,"column":5}},"39":{"start":{"line":87,"column":6},"end":{"line":87,"column":45}},"40":{"start":{"line":88,"column":6},"end":{"line":88,"column":73}},"41":{"start":{"line":90,"column":6},"end":{"line":90,"column":40}},"42":{"start":{"line":95,"column":18},"end":{"line":95,"column":91}},"43":{"start":{"line":96,"column":4},"end":{"line":99,"column":5}},"44":{"start":{"line":97,"column":6},"end":{"line":97,"column":62}},"45":{"start":{"line":98,"column":6},"end":{"line":98,"column":13}},"46":{"start":{"line":100,"column":17},"end":{"line":100,"column":31}},"47":{"start":{"line":101,"column":4},"end":{"line":107,"column":5}},"48":{"start":{"line":102,"column":6},"end":{"line":102,"column":55}},"49":{"start":{"line":103,"column":6},"end":{"line":103,"column":43}},"50":{"start":{"line":105,"column":6},"end":{"line":105,"column":23}},"51":{"start":{"line":106,"column":6},"end":{"line":106,"column":40}},"52":{"start":{"line":111,"column":4},"end":{"line":111,"column":100}},"53":{"start":{"line":111,"column":93},"end":{"line":111,"column":100}},"54":{"start":{"line":112,"column":4},"end":{"line":129,"column":5}},"55":{"start":{"line":113,"column":18},"end":{"line":113,"column":44}},"56":{"start":{"line":115,"column":22},"end":{"line":122,"column":37}},"57":{"start":{"line":123,"column":17},"end":{"line":123,"column":50}},"58":{"start":{"line":124,"column":6},"end":{"line":125,"column":52}},"59":{"start":{"line":124,"column":14},"end":{"line":124,"column":51}},"60":{"start":{"line":125,"column":11},"end":{"line":125,"column":52}},"61":{"start":{"line":127,"column":6},"end":{"line":127,"column":23}},"62":{"start":{"line":128,"column":6},"end":{"line":128,"column":47}},"63":{"start":{"line":133,"column":4},"end":{"line":136,"column":5}},"64":{"start":{"line":134,"column":6},"end":{"line":134,"column":50}},"65":{"start":{"line":135,"column":6},"end":{"line":135,"column":13}},"66":{"start":{"line":137,"column":4},"end":{"line":144,"column":5}},"67":{"start":{"line":138,"column":19},"end":{"line":138,"column":38}},"68":{"start":{"line":139,"column":6},"end":{"line":139,"column":51}},"69":{"start":{"line":139,"column":28},"end":{"line":139,"column":51}},"70":{"start":{"line":140,"column":6},"end":{"line":140,"column":40}},"71":{"start":{"line":142,"column":6},"end":{"line":142,"column":23}},"72":{"start":{"line":143,"column":6},"end":{"line":143,"column":48}},"73":{"start":{"line":148,"column":26},"end":{"line":148,"column":97}},"74":{"start":{"line":149,"column":23},"end":{"line":149,"column":97}},"75":{"start":{"line":151,"column":4},"end":{"line":189,"column":5}},"76":{"start":{"line":152,"column":23},"end":{"line":152,"column":62}},"77":{"start":{"line":153,"column":6},"end":{"line":168,"column":7}},"78":{"start":{"line":154,"column":8},"end":{"line":154,"column":70}},"79":{"start":{"line":155,"column":8},"end":{"line":166,"column":9}},"80":{"start":{"line":156,"column":10},"end":{"line":156,"column":28}},"81":{"start":{"line":157,"column":25},"end":{"line":157,"column":50}},"82":{"start":{"line":158,"column":10},"end":{"line":163,"column":11}},"83":{"start":{"line":159,"column":12},"end":{"line":159,"column":71}},"84":{"start":{"line":160,"column":12},"end":{"line":160,"column":55}},"85":{"start":{"line":160,"column":28},"end":{"line":160,"column":55}},"86":{"start":{"line":162,"column":12},"end":{"line":162,"column":71}},"87":{"start":{"line":165,"column":10},"end":{"line":165,"column":74}},"88":{"start":{"line":167,"column":8},"end":{"line":167,"column":15}},"89":{"start":{"line":171,"column":28},"end":{"line":171,"column":97}},"90":{"start":{"line":172,"column":6},"end":{"line":182,"column":7}},"91":{"start":{"line":174,"column":8},"end":{"line":178,"column":9}},"92":{"start":{"line":175,"column":10},"end":{"line":175,"column":77}},"93":{"start":{"line":176,"column":10},"end":{"line":176,"column":53}},"94":{"start":{"line":176,"column":26},"end":{"line":176,"column":53}},"95":{"start":{"line":177,"column":10},"end":{"line":177,"column":17}},"96":{"start":{"line":179,"column":8},"end":{"line":179,"column":75}},"97":{"start":{"line":180,"column":8},"end":{"line":180,"column":30}},"98":{"start":{"line":181,"column":8},"end":{"line":181,"column":15}},"99":{"start":{"line":184,"column":6},"end":{"line":184,"column":77}},"100":{"start":{"line":185,"column":6},"end":{"line":185,"column":49}},"101":{"start":{"line":185,"column":22},"end":{"line":185,"column":49}},"102":{"start":{"line":187,"column":6},"end":{"line":187,"column":45}},"103":{"start":{"line":188,"column":6},"end":{"line":188,"column":70}},"104":{"start":{"line":193,"column":15},"end":{"line":193,"column":88}},"105":{"start":{"line":194,"column":4},"end":{"line":194,"column":33}},"106":{"start":{"line":194,"column":12},"end":{"line":194,"column":33}},"107":{"start":{"line":198,"column":4},"end":{"line":198,"column":19}},"108":{"start":{"line":202,"column":0},"end":{"line":202,"column":57}}},"fnMap":{"0":{"name":"(anonymous_0)","decl":{"start":{"line":12,"column":2},"end":{"line":12,"column":null}},"loc":{"start":{"line":12,"column":2},"end":{"line":14,"column":3}}},"1":{"name":"(anonymous_1)","decl":{"start":{"line":13,"column":10},"end":{"line":13,"column":13}},"loc":{"start":{"line":13,"column":16},"end":{"line":13,"column":24}}},"2":{"name":"(anonymous_2)","decl":{"start":{"line":16,"column":12},"end":{"line":16,"column":17}},"loc":{"start":{"line":16,"column":25},"end":{"line":82,"column":3}}},"3":{"name":"(anonymous_3)","decl":{"start":{"line":27,"column":40},"end":{"line":27,"column":43}},"loc":{"start":{"line":27,"column":45},"end":{"line":30,"column":7}}},"4":{"name":"(anonymous_4)","decl":{"start":{"line":37,"column":43},"end":{"line":37,"column":46}},"loc":{"start":{"line":37,"column":48},"end":{"line":43,"column":7}}},"5":{"name":"(anonymous_5)","decl":{"start":{"line":53,"column":45},"end":{"line":53,"column":50}},"loc":{"start":{"line":53,"column":56},"end":{"line":63,"column":9}}},"6":{"name":"(anonymous_6)","decl":{"start":{"line":73,"column":49},"end":{"line":73,"column":52}},"loc":{"start":{"line":73,"column":55},"end":{"line":73,"column":76}}},"7":{"name":"(anonymous_7)","decl":{"start":{"line":84,"column":2},"end":{"line":84,"column":10}},"loc":{"start":{"line":84,"column":10},"end":{"line":92,"column":3}}},"8":{"name":"(anonymous_8)","decl":{"start":{"line":94,"column":2},"end":{"line":94,"column":7}},"loc":{"start":{"line":94,"column":16},"end":{"line":108,"column":3}}},"9":{"name":"(anonymous_9)","decl":{"start":{"line":110,"column":2},"end":{"line":110,"column":7}},"loc":{"start":{"line":110,"column":15},"end":{"line":130,"column":3}}},"10":{"name":"(anonymous_10)","decl":{"start":{"line":132,"column":2},"end":{"line":132,"column":7}},"loc":{"start":{"line":132,"column":18},"end":{"line":145,"column":3}}},"11":{"name":"(anonymous_11)","decl":{"start":{"line":147,"column":2},"end":{"line":147,"column":7}},"loc":{"start":{"line":147,"column":18},"end":{"line":190,"column":3}}},"12":{"name":"(anonymous_12)","decl":{"start":{"line":192,"column":10},"end":{"line":192,"column":21}},"loc":{"start":{"line":192,"column":33},"end":{"line":195,"column":3}}},"13":{"name":"(anonymous_13)","decl":{"start":{"line":197,"column":9},"end":{"line":197,"column":15}},"loc":{"start":{"line":197,"column":15},"end":{"line":199,"column":3}}}},"branchMap":{"0":{"loc":{"start":{"line":19,"column":4},"end":{"line":31,"column":5}},"type":"if","locations":[{"start":{"line":19,"column":4},"end":{"line":31,"column":5}}]},"1":{"loc":{"start":{"line":19,"column":8},"end":{"line":19,"column":59}},"type":"binary-expr","locations":[{"start":{"line":19,"column":8},"end":{"line":19,"column":14}},{"start":{"line":19,"column":18},"end":{"line":19,"column":59}}]},"2":{"loc":{"start":{"line":36,"column":4},"end":{"line":44,"column":5}},"type":"if","locations":[{"start":{"line":36,"column":4},"end":{"line":44,"column":5}}]},"3":{"loc":{"start":{"line":36,"column":8},"end":{"line":36,"column":33}},"type":"binary-expr","locations":[{"start":{"line":36,"column":8},"end":{"line":36,"column":17}},{"start":{"line":36,"column":21},"end":{"line":36,"column":33}}]},"4":{"loc":{"start":{"line":39,"column":10},"end":{"line":41,"column":30}},"type":"cond-expr","locations":[{"start":{"line":40,"column":14},"end":{"line":40,"column":37}},{"start":{"line":41,"column":14},"end":{"line":41,"column":30}}]},"5":{"loc":{"start":{"line":39,"column":10},"end":{"line":39,"column":55}},"type":"binary-expr","locations":[{"start":{"line":39,"column":10},"end":{"line":39,"column":25}},{"start":{"line":39,"column":29},"end":{"line":39,"column":55}}]},"6":{"loc":{"start":{"line":49,"column":4},"end":{"line":81,"column":5}},"type":"if","locations":[{"start":{"line":49,"column":4},"end":{"line":81,"column":5}}]},"7":{"loc":{"start":{"line":51,"column":6},"end":{"line":80,"column":7}},"type":"if","locations":[{"start":{"line":51,"column":6},"end":{"line":80,"column":7}},{"start":{"line":64,"column":13},"end":{"line":80,"column":7}}]},"8":{"loc":{"start":{"line":52,"column":8},"end":{"line":52,"column":74}},"type":"binary-expr","locations":[{"start":{"line":52,"column":8},"end":{"line":52,"column":21}},{"start":{"line":52,"column":26},"end":{"line":52,"column":73}}]},"9":{"loc":{"start":{"line":57,"column":12},"end":{"line":59,"column":76}},"type":"if","locations":[{"start":{"line":57,"column":12},"end":{"line":59,"column":76}},{"start":{"line":59,"column":17},"end":{"line":59,"column":76}}]},"10":{"loc":{"start":{"line":58,"column":14},"end":{"line":58,"column":72}},"type":"binary-expr","locations":[{"start":{"line":58,"column":14},"end":{"line":58,"column":27}},{"start":{"line":58,"column":32},"end":{"line":58,"column":71}}]},"11":{"loc":{"start":{"line":59,"column":17},"end":{"line":59,"column":75}},"type":"binary-expr","locations":[{"start":{"line":59,"column":17},"end":{"line":59,"column":30}},{"start":{"line":59,"column":35},"end":{"line":59,"column":74}}]},"12":{"loc":{"start":{"line":61,"column":12},"end":{"line":61,"column":75}},"type":"binary-expr","locations":[{"start":{"line":61,"column":12},"end":{"line":61,"column":25}},{"start":{"line":61,"column":30},"end":{"line":61,"column":74}}]},"13":{"loc":{"start":{"line":68,"column":8},"end":{"line":79,"column":9}},"type":"if","locations":[{"start":{"line":68,"column":8},"end":{"line":79,"column":9}},{"start":{"line":76,"column":15},"end":{"line":79,"column":9}}]},"14":{"loc":{"start":{"line":69,"column":10},"end":{"line":75,"column":11}},"type":"if","locations":[{"start":{"line":69,"column":10},"end":{"line":75,"column":11}},{"start":{"line":72,"column":17},"end":{"line":75,"column":11}}]},"15":{"loc":{"start":{"line":70,"column":12},"end":{"line":70,"column":78}},"type":"binary-expr","locations":[{"start":{"line":70,"column":12},"end":{"line":70,"column":25}},{"start":{"line":70,"column":30},"end":{"line":70,"column":77}}]},"16":{"loc":{"start":{"line":74,"column":12},"end":{"line":74,"column":82}},"type":"binary-expr","locations":[{"start":{"line":74,"column":12},"end":{"line":74,"column":25}},{"start":{"line":74,"column":30},"end":{"line":74,"column":81}}]},"17":{"loc":{"start":{"line":77,"column":10},"end":{"line":77,"column":80}},"type":"binary-expr","locations":[{"start":{"line":77,"column":10},"end":{"line":77,"column":23}},{"start":{"line":77,"column":28},"end":{"line":77,"column":79}}]},"18":{"loc":{"start":{"line":96,"column":4},"end":{"line":99,"column":5}},"type":"if","locations":[{"start":{"line":96,"column":4},"end":{"line":99,"column":5}}]},"19":{"loc":{"start":{"line":96,"column":8},"end":{"line":96,"column":58}},"type":"binary-expr","locations":[{"start":{"line":96,"column":8},"end":{"line":96,"column":14}},{"start":{"line":96,"column":18},"end":{"line":96,"column":30}},{"start":{"line":96,"column":34},"end":{"line":96,"column":58}}]},"20":{"loc":{"start":{"line":111,"column":4},"end":{"line":111,"column":100}},"type":"if","locations":[{"start":{"line":111,"column":4},"end":{"line":111,"column":100}}]},"21":{"loc":{"start":{"line":124,"column":6},"end":{"line":125,"column":52}},"type":"if","locations":[{"start":{"line":124,"column":6},"end":{"line":125,"column":52}},{"start":{"line":125,"column":11},"end":{"line":125,"column":52}}]},"22":{"loc":{"start":{"line":133,"column":4},"end":{"line":136,"column":5}},"type":"if","locations":[{"start":{"line":133,"column":4},"end":{"line":136,"column":5}}]},"23":{"loc":{"start":{"line":153,"column":6},"end":{"line":168,"column":7}},"type":"if","locations":[{"start":{"line":153,"column":6},"end":{"line":168,"column":7}}]},"24":{"loc":{"start":{"line":154,"column":8},"end":{"line":154,"column":69}},"type":"binary-expr","locations":[{"start":{"line":154,"column":8},"end":{"line":154,"column":21}},{"start":{"line":154,"column":26},"end":{"line":154,"column":68}}]},"25":{"loc":{"start":{"line":158,"column":10},"end":{"line":163,"column":11}},"type":"if","locations":[{"start":{"line":158,"column":10},"end":{"line":163,"column":11}},{"start":{"line":161,"column":17},"end":{"line":163,"column":11}}]},"26":{"loc":{"start":{"line":159,"column":12},"end":{"line":159,"column":70}},"type":"binary-expr","locations":[{"start":{"line":159,"column":12},"end":{"line":159,"column":25}},{"start":{"line":159,"column":30},"end":{"line":159,"column":69}}]},"27":{"loc":{"start":{"line":160,"column":12},"end":{"line":160,"column":55}},"type":"if","locations":[{"start":{"line":160,"column":12},"end":{"line":160,"column":55}}]},"28":{"loc":{"start":{"line":162,"column":12},"end":{"line":162,"column":70}},"type":"binary-expr","locations":[{"start":{"line":162,"column":12},"end":{"line":162,"column":25}},{"start":{"line":162,"column":30},"end":{"line":162,"column":69}}]},"29":{"loc":{"start":{"line":165,"column":10},"end":{"line":165,"column":73}},"type":"binary-expr","locations":[{"start":{"line":165,"column":10},"end":{"line":165,"column":23}},{"start":{"line":165,"column":28},"end":{"line":165,"column":72}}]},"30":{"loc":{"start":{"line":172,"column":6},"end":{"line":182,"column":7}},"type":"if","locations":[{"start":{"line":172,"column":6},"end":{"line":182,"column":7}}]},"31":{"loc":{"start":{"line":174,"column":8},"end":{"line":178,"column":9}},"type":"if","locations":[{"start":{"line":174,"column":8},"end":{"line":178,"column":9}}]},"32":{"loc":{"start":{"line":175,"column":10},"end":{"line":175,"column":76}},"type":"binary-expr","locations":[{"start":{"line":175,"column":10},"end":{"line":175,"column":23}},{"start":{"line":175,"column":28},"end":{"line":175,"column":75}}]},"33":{"loc":{"start":{"line":176,"column":10},"end":{"line":176,"column":53}},"type":"if","locations":[{"start":{"line":176,"column":10},"end":{"line":176,"column":53}}]},"34":{"loc":{"start":{"line":179,"column":8},"end":{"line":179,"column":74}},"type":"binary-expr","locations":[{"start":{"line":179,"column":8},"end":{"line":179,"column":21}},{"start":{"line":179,"column":26},"end":{"line":179,"column":73}}]},"35":{"loc":{"start":{"line":184,"column":6},"end":{"line":184,"column":76}},"type":"binary-expr","locations":[{"start":{"line":184,"column":6},"end":{"line":184,"column":19}},{"start":{"line":184,"column":24},"end":{"line":184,"column":75}}]},"36":{"loc":{"start":{"line":185,"column":6},"end":{"line":185,"column":49}},"type":"if","locations":[{"start":{"line":185,"column":6},"end":{"line":185,"column":49}}]},"37":{"loc":{"start":{"line":188,"column":6},"end":{"line":188,"column":69}},"type":"binary-expr","locations":[{"start":{"line":188,"column":6},"end":{"line":188,"column":19}},{"start":{"line":188,"column":24},"end":{"line":188,"column":68}}]},"38":{"loc":{"start":{"line":194,"column":4},"end":{"line":194,"column":33}},"type":"if","locations":[{"start":{"line":194,"column":4},"end":{"line":194,"column":33}}]}},"s":{"0":1,"1":1,"2":1,"3":0,"4":0,"5":0,"6":0,"7":0,"8":0,"9":0,"10":0,"11":0,"12":0,"13":0,"14":0,"15":0,"16":0,"17":0,"18":0,"19":0,"20":0,"21":0,"22":0,"23":0,"24":0,"25":0,"26":0,"27":0,"28":0,"29":0,"30":0,"31":0,"32":0,"33":0,"34":0,"35":0,"36":0,"37":0,"38":0,"39":0,"40":0,"41":0,"42":0,"43":0,"44":0,"45":0,"46":0,"47":0,"48":0,"49":0,"50":0,"51":0,"52":0,"53":0,"54":0,"55":0,"56":0,"57":0,"58":0,"59":0,"60":0,"61":0,"62":0,"63":0,"64":0,"65":0,"66":0,"67":0,"68":0,"69":0,"70":0,"71":0,"72":0,"73":1,"74":1,"75":1,"76":1,"77":1,"78":1,"79":1,"80":1,"81":1,"82":1,"83":1,"84":1,"85":0,"86":0,"87":0,"88":1,"89":0,"90":0,"91":0,"92":0,"93":0,"94":0,"95":0,"96":0,"97":0,"98":0,"99":0,"100":0,"101":0,"102":0,"103":0,"104":0,"105":0,"106":0,"107":1,"108":1},"f":{"0":1,"1":1,"2":0,"3":0,"4":0,"5":0,"6":0,"7":0,"8":0,"9":0,"10":0,"11":1,"12":0,"13":1},"b":{"0":[0],"1":[0,0],"2":[0],"3":[0,0],"4":[0,0],"5":[0,0],"6":[0],"7":[0,0],"8":[0,0],"9":[0,0],"10":[0,0],"11":[0,0],"12":[0,0],"13":[0,0],"14":[0,0],"15":[0,0],"16":[0,0],"17":[0,0],"18":[0],"19":[0,0,0],"20":[0],"21":[0,0],"22":[0],"23":[1],"24":[1,0],"25":[1,0],"26":[1,0],"27":[0],"28":[0,0],"29":[0,0],"30":[0],"31":[0],"32":[0,0],"33":[0],"34":[0,0],"35":[0,0],"36":[0],"37":[0,0],"38":[0]}}
,"C:\\Projects\\personal\\growth-journal\\src\\data\\GrowthIntentions.ts": {"path":"C:\\Projects\\personal\\growth-journal\\src\\data\\GrowthIntentions.ts","statementMap":{"0":{"start":{"line":3,"column":52},"end":{"line":449,"column":2}}},"fnMap":{},"branchMap":{},"s":{"0":1},"f":{},"b":{}}
,"C:\\Projects\\personal\\growth-journal\\src\\data\\IndexedDbDataService.ts": {"path":"C:\\Projects\\personal\\growth-journal\\src\\data\\IndexedDbDataService.ts","statementMap":{"0":{"start":{"line":27,"column":4},"end":{"line":29,"column":5}},"1":{"start":{"line":28,"column":6},"end":{"line":28,"column":48}},"2":{"start":{"line":30,"column":4},"end":{"line":30,"column":16}},"3":{"start":{"line":40,"column":35},"end":{"line":40,"column":66}},"4":{"start":{"line":42,"column":4},"end":{"line":53,"column":5}},"5":{"start":{"line":43,"column":6},"end":{"line":52,"column":7}},"6":{"start":{"line":44,"column":29},"end":{"line":44,"column":64}},"7":{"start":{"line":45,"column":8},"end":{"line":49,"column":9}},"8":{"start":{"line":46,"column":10},"end":{"line":46,"column":94}},"9":{"start":{"line":48,"column":10},"end":{"line":48,"column":20}},"10":{"start":{"line":55,"column":4},"end":{"line":55,"column":74}},"11":{"start":{"line":55,"column":13},"end":{"line":55,"column":74}},"12":{"start":{"line":57,"column":4},"end":{"line":80,"column":7}},"13":{"start":{"line":58,"column":22},"end":{"line":58,"column":44}},"14":{"start":{"line":59,"column":22},"end":{"line":59,"column":27}},"15":{"start":{"line":60,"column":22},"end":{"line":62,"column":14}},"16":{"start":{"line":61,"column":8},"end":{"line":61,"column":94}},"17":{"start":{"line":61,"column":24},"end":{"line":61,"column":94}},"18":{"start":{"line":64,"column":6},"end":{"line":72,"column":8}},"19":{"start":{"line":65,"column":8},"end":{"line":65,"column":25}},"20":{"start":{"line":66,"column":8},"end":{"line":66,"column":30}},"21":{"start":{"line":68,"column":10},"end":{"line":69,"column":55}},"22":{"start":{"line":70,"column":8},"end":{"line":70,"column":39}},"23":{"start":{"line":70,"column":18},"end":{"line":70,"column":39}},"24":{"start":{"line":71,"column":8},"end":{"line":71,"column":90}},"25":{"start":{"line":74,"column":6},"end":{"line":79,"column":7}},"26":{"start":{"line":75,"column":8},"end":{"line":75,"column":59}},"27":{"start":{"line":77,"column":8},"end":{"line":77,"column":30}},"28":{"start":{"line":78,"column":8},"end":{"line":78,"column":72}},"29":{"start":{"line":78,"column":24},"end":{"line":78,"column":72}},"30":{"start":{"line":86,"column":6},"end":{"line":86,"column":95}},"31":{"start":{"line":87,"column":4},"end":{"line":87,"column":33}},"32":{"start":{"line":87,"column":23},"end":{"line":87,"column":33}},"33":{"start":{"line":88,"column":4},"end":{"line":88,"column":83}},"34":{"start":{"line":92,"column":17},"end":{"line":92,"column":94}},"35":{"start":{"line":93,"column":4},"end":{"line":93,"column":24}},"36":{"start":{"line":98,"column":6},"end":{"line":98,"column":95}},"37":{"start":{"line":99,"column":4},"end":{"line":99,"column":35}},"38":{"start":{"line":99,"column":23},"end":{"line":99,"column":35}},"39":{"start":{"line":100,"column":23},"end":{"line":100,"column":52}},"40":{"start":{"line":101,"column":19},"end":{"line":101,"column":89}},"41":{"start":{"line":102,"column":16},"end":{"line":102,"column":80}},"42":{"start":{"line":103,"column":4},"end":{"line":103,"column":26}},"43":{"start":{"line":103,"column":14},"end":{"line":103,"column":26}},"44":{"start":{"line":108,"column":21},"end":{"line":108,"column":76}},"45":{"start":{"line":108,"column":38},"end":{"line":108,"column":75}},"46":{"start":{"line":109,"column":14},"end":{"line":109,"column":55}},"47":{"start":{"line":111,"column":45},"end":{"line":121,"column":6}},"48":{"start":{"line":123,"column":4},"end":{"line":123,"column":22}},"49":{"start":{"line":127,"column":17},"end":{"line":129,"column":null}},"50":{"start":{"line":131,"column":4},"end":{"line":131,"column":33}},"51":{"start":{"line":131,"column":23},"end":{"line":131,"column":33}},"52":{"start":{"line":132,"column":4},"end":{"line":132,"column":83}},"53":{"start":{"line":136,"column":17},"end":{"line":136,"column":86}},"54":{"start":{"line":137,"column":4},"end":{"line":137,"column":24}},"55":{"start":{"line":141,"column":17},"end":{"line":143,"column":null}},"56":{"start":{"line":145,"column":4},"end":{"line":145,"column":35}},"57":{"start":{"line":145,"column":23},"end":{"line":145,"column":35}},"58":{"start":{"line":148,"column":8},"end":{"line":152,"column":19}},"59":{"start":{"line":153,"column":4},"end":{"line":153,"column":46}},"60":{"start":{"line":157,"column":17},"end":{"line":157,"column":52}},"61":{"start":{"line":158,"column":4},"end":{"line":158,"column":27}},"62":{"start":{"line":158,"column":15},"end":{"line":158,"column":27}},"63":{"start":{"line":159,"column":4},"end":{"line":163,"column":6}},"64":{"start":{"line":167,"column":17},"end":{"line":167,"column":85}},"65":{"start":{"line":168,"column":4},"end":{"line":168,"column":24}},"66":{"start":{"line":172,"column":17},"end":{"line":174,"column":null}},"67":{"start":{"line":176,"column":4},"end":{"line":176,"column":35}},"68":{"start":{"line":176,"column":23},"end":{"line":176,"column":35}},"69":{"start":{"line":179,"column":8},"end":{"line":183,"column":19}},"70":{"start":{"line":184,"column":4},"end":{"line":184,"column":46}},"71":{"start":{"line":188,"column":17},"end":{"line":188,"column":52}},"72":{"start":{"line":189,"column":4},"end":{"line":189,"column":27}},"73":{"start":{"line":189,"column":15},"end":{"line":189,"column":27}},"74":{"start":{"line":190,"column":4},"end":{"line":194,"column":6}},"75":{"start":{"line":198,"column":17},"end":{"line":198,"column":89}},"76":{"start":{"line":199,"column":4},"end":{"line":199,"column":24}},"77":{"start":{"line":203,"column":17},"end":{"line":205,"column":null}},"78":{"start":{"line":207,"column":4},"end":{"line":207,"column":35}},"79":{"start":{"line":207,"column":23},"end":{"line":207,"column":35}},"80":{"start":{"line":210,"column":8},"end":{"line":214,"column":19}},"81":{"start":{"line":215,"column":4},"end":{"line":215,"column":46}},"82":{"start":{"line":219,"column":17},"end":{"line":219,"column":84}},"83":{"start":{"line":220,"column":4},"end":{"line":220,"column":24}},"84":{"start":{"line":224,"column":17},"end":{"line":226,"column":null}},"85":{"start":{"line":228,"column":4},"end":{"line":228,"column":35}},"86":{"start":{"line":228,"column":23},"end":{"line":228,"column":35}},"87":{"start":{"line":231,"column":8},"end":{"line":235,"column":19}},"88":{"start":{"line":236,"column":4},"end":{"line":236,"column":46}},"89":{"start":{"line":240,"column":17},"end":{"line":240,"column":85}},"90":{"start":{"line":241,"column":4},"end":{"line":241,"column":24}},"91":{"start":{"line":245,"column":17},"end":{"line":247,"column":null}},"92":{"start":{"line":249,"column":4},"end":{"line":249,"column":35}},"93":{"start":{"line":249,"column":23},"end":{"line":249,"column":35}},"94":{"start":{"line":252,"column":8},"end":{"line":256,"column":19}},"95":{"start":{"line":257,"column":4},"end":{"line":257,"column":46}},"96":{"start":{"line":261,"column":17},"end":{"line":261,"column":87}},"97":{"start":{"line":262,"column":4},"end":{"line":262,"column":24}},"98":{"start":{"line":266,"column":17},"end":{"line":266,"column":18}},"99":{"start":{"line":267,"column":18},"end":{"line":267,"column":28}},"100":{"start":{"line":268,"column":20},"end":{"line":268,"column":61}},"101":{"start":{"line":268,"column":33},"end":{"line":268,"column":61}},"102":{"start":{"line":270,"column":21},"end":{"line":270,"column":35}},"103":{"start":{"line":273,"column":24},"end":{"line":277,"column":6}},"104":{"start":{"line":274,"column":16},"end":{"line":274,"column":31}},"105":{"start":{"line":275,"column":6},"end":{"line":275,"column":37}},"106":{"start":{"line":276,"column":6},"end":{"line":276,"column":24}},"107":{"start":{"line":280,"column":54},"end":{"line":284,"column":6}},"108":{"start":{"line":289,"column":32},"end":{"line":300,"column":5}},"109":{"start":{"line":290,"column":6},"end":{"line":290,"column":52}},"110":{"start":{"line":290,"column":39},"end":{"line":290,"column":52}},"111":{"start":{"line":291,"column":6},"end":{"line":299,"column":7}},"112":{"start":{"line":292,"column":18},"end":{"line":292,"column":46}},"113":{"start":{"line":293,"column":8},"end":{"line":296,"column":11}},"114":{"start":{"line":294,"column":20},"end":{"line":294,"column":24}},"115":{"start":{"line":295,"column":10},"end":{"line":295,"column":94}},"116":{"start":{"line":298,"column":8},"end":{"line":298,"column":21}},"117":{"start":{"line":303,"column":25},"end":{"line":309,"column":null}},"118":{"start":{"line":304,"column":36},"end":{"line":309,"column":8}},"119":{"start":{"line":312,"column":19},"end":{"line":316,"column":44}},"120":{"start":{"line":313,"column":49},"end":{"line":313,"column":58}},"121":{"start":{"line":314,"column":48},"end":{"line":314,"column":56}},"122":{"start":{"line":315,"column":49},"end":{"line":315,"column":58}},"123":{"start":{"line":320,"column":26},"end":{"line":327,"column":5}},"124":{"start":{"line":321,"column":18},"end":{"line":321,"column":80}},"125":{"start":{"line":323,"column":6},"end":{"line":323,"column":68}},"126":{"start":{"line":324,"column":24},"end":{"line":324,"column":70}},"127":{"start":{"line":325,"column":21},"end":{"line":325,"column":90}},"128":{"start":{"line":326,"column":6},"end":{"line":326,"column":74}},"129":{"start":{"line":329,"column":20},"end":{"line":329,"column":40}},"130":{"start":{"line":330,"column":21},"end":{"line":330,"column":52}},"131":{"start":{"line":332,"column":42},"end":{"line":335,"column":6}},"132":{"start":{"line":337,"column":4},"end":{"line":337,"column":50}},"133":{"start":{"line":337,"column":22},"end":{"line":337,"column":50}},"134":{"start":{"line":338,"column":4},"end":{"line":338,"column":53}},"135":{"start":{"line":338,"column":23},"end":{"line":338,"column":53}},"136":{"start":{"line":341,"column":28},"end":{"line":344,"column":6}},"137":{"start":{"line":347,"column":21},"end":{"line":347,"column":76}},"138":{"start":{"line":347,"column":38},"end":{"line":347,"column":75}},"139":{"start":{"line":349,"column":4},"end":{"line":381,"column":5}},"140":{"start":{"line":350,"column":16},"end":{"line":350,"column":47}},"141":{"start":{"line":351,"column":17},"end":{"line":351,"column":33}},"142":{"start":{"line":352,"column":6},"end":{"line":368,"column":7}},"143":{"start":{"line":353,"column":8},"end":{"line":367,"column":11}},"144":{"start":{"line":369,"column":16},"end":{"line":369,"column":50}},"145":{"start":{"line":370,"column":17},"end":{"line":370,"column":33}},"146":{"start":{"line":371,"column":6},"end":{"line":380,"column":7}},"147":{"start":{"line":372,"column":8},"end":{"line":379,"column":11}},"148":{"start":{"line":383,"column":43},"end":{"line":391,"column":6}},"149":{"start":{"line":393,"column":4},"end":{"line":393,"column":21}},"150":{"start":{"line":400,"column":17},"end":{"line":400,"column":99}},"151":{"start":{"line":401,"column":4},"end":{"line":401,"column":35}},"152":{"start":{"line":401,"column":23},"end":{"line":401,"column":35}},"153":{"start":{"line":402,"column":4},"end":{"line":402,"column":88}},"154":{"start":{"line":409,"column":17},"end":{"line":409,"column":78}},"155":{"start":{"line":410,"column":4},"end":{"line":410,"column":24}},"156":{"start":{"line":424,"column":0},"end":{"line":468,"column":1}},"157":{"start":{"line":425,"column":2},"end":{"line":445,"column":4}},"158":{"start":{"line":426,"column":4},"end":{"line":444,"column":5}},"159":{"start":{"line":427,"column":18},"end":{"line":427,"column":44}},"160":{"start":{"line":428,"column":19},"end":{"line":428,"column":45}},"161":{"start":{"line":429,"column":6},"end":{"line":432,"column":7}},"162":{"start":{"line":430,"column":8},"end":{"line":430,"column":48}},"163":{"start":{"line":431,"column":8},"end":{"line":431,"column":15}},"164":{"start":{"line":433,"column":19},"end":{"line":433,"column":90}},"165":{"start":{"line":434,"column":18},"end":{"line":434,"column":43}},"166":{"start":{"line":435,"column":16},"end":{"line":435,"column":43}},"167":{"start":{"line":436,"column":6},"end":{"line":436,"column":19}},"168":{"start":{"line":437,"column":6},"end":{"line":437,"column":89}},"169":{"start":{"line":438,"column":6},"end":{"line":438,"column":35}},"170":{"start":{"line":439,"column":6},"end":{"line":439,"column":16}},"171":{"start":{"line":440,"column":6},"end":{"line":440,"column":17}},"172":{"start":{"line":441,"column":6},"end":{"line":441,"column":31}},"173":{"start":{"line":443,"column":6},"end":{"line":443,"column":40}},"174":{"start":{"line":447,"column":2},"end":{"line":467,"column":4}},"175":{"start":{"line":448,"column":4},"end":{"line":466,"column":5}},"176":{"start":{"line":449,"column":18},"end":{"line":449,"column":44}},"177":{"start":{"line":450,"column":51},"end":{"line":450,"column":55}},"178":{"start":{"line":451,"column":6},"end":{"line":456,"column":7}},"179":{"start":{"line":452,"column":20},"end":{"line":452,"column":43}},"180":{"start":{"line":453,"column":8},"end":{"line":453,"column":60}},"181":{"start":{"line":455,"column":8},"end":{"line":455,"column":55}},"182":{"start":{"line":457,"column":6},"end":{"line":460,"column":7}},"183":{"start":{"line":458,"column":8},"end":{"line":458,"column":52}},"184":{"start":{"line":459,"column":8},"end":{"line":459,"column":15}},"185":{"start":{"line":461,"column":17},"end":{"line":461,"column":47}},"186":{"start":{"line":462,"column":6},"end":{"line":463,"column":41}},"187":{"start":{"line":462,"column":14},"end":{"line":462,"column":46}},"188":{"start":{"line":463,"column":11},"end":{"line":463,"column":41}},"189":{"start":{"line":465,"column":6},"end":{"line":465,"column":40}}},"fnMap":{"0":{"name":"(anonymous_0)","decl":{"start":{"line":23,"column":10},"end":{"line":23,"column":16}},"loc":{"start":{"line":23,"column":25},"end":{"line":31,"column":3}}},"1":{"name":"(anonymous_1)","decl":{"start":{"line":33,"column":10},"end":{"line":33,"column":16}},"loc":{"start":{"line":35,"column":21},"end":{"line":81,"column":3}}},"2":{"name":"(anonymous_2)","decl":{"start":{"line":57,"column":51},"end":{"line":57,"column":52}},"loc":{"start":{"line":57,"column":63},"end":{"line":80,"column":5}}},"3":{"name":"(anonymous_3)","decl":{"start":{"line":60,"column":33},"end":{"line":60,"column":36}},"loc":{"start":{"line":60,"column":38},"end":{"line":62,"column":7}}},"4":{"name":"(anonymous_4)","decl":{"start":{"line":64,"column":32},"end":{"line":64,"column":33}},"loc":{"start":{"line":64,"column":53},"end":{"line":72,"column":7}}},"5":{"name":"(anonymous_5)","decl":{"start":{"line":84,"column":2},"end":{"line":84,"column":7}},"loc":{"start":{"line":84,"column":27},"end":{"line":89,"column":3}}},"6":{"name":"(anonymous_6)","decl":{"start":{"line":91,"column":2},"end":{"line":91,"column":7}},"loc":{"start":{"line":91,"column":62},"end":{"line":94,"column":3}}},"7":{"name":"(anonymous_7)","decl":{"start":{"line":96,"column":2},"end":{"line":96,"column":7}},"loc":{"start":{"line":96,"column":39},"end":{"line":124,"column":3}}},"8":{"name":"(anonymous_8)","decl":{"start":{"line":108,"column":21},"end":{"line":108,"column":22}},"loc":{"start":{"line":108,"column":38},"end":{"line":108,"column":75}}},"9":{"name":"(anonymous_9)","decl":{"start":{"line":126,"column":2},"end":{"line":126,"column":7}},"loc":{"start":{"line":126,"column":40},"end":{"line":133,"column":3}}},"10":{"name":"(anonymous_10)","decl":{"start":{"line":135,"column":2},"end":{"line":135,"column":7}},"loc":{"start":{"line":135,"column":51},"end":{"line":138,"column":3}}},"11":{"name":"(anonymous_11)","decl":{"start":{"line":140,"column":2},"end":{"line":140,"column":7}},"loc":{"start":{"line":140,"column":38},"end":{"line":154,"column":3}}},"12":{"name":"(anonymous_12)","decl":{"start":{"line":156,"column":2},"end":{"line":156,"column":7}},"loc":{"start":{"line":156,"column":39},"end":{"line":164,"column":3}}},"13":{"name":"(anonymous_13)","decl":{"start":{"line":166,"column":2},"end":{"line":166,"column":7}},"loc":{"start":{"line":166,"column":49},"end":{"line":169,"column":3}}},"14":{"name":"(anonymous_14)","decl":{"start":{"line":171,"column":2},"end":{"line":171,"column":7}},"loc":{"start":{"line":171,"column":37},"end":{"line":185,"column":3}}},"15":{"name":"(anonymous_15)","decl":{"start":{"line":187,"column":2},"end":{"line":187,"column":7}},"loc":{"start":{"line":187,"column":40},"end":{"line":195,"column":3}}},"16":{"name":"(anonymous_16)","decl":{"start":{"line":197,"column":2},"end":{"line":197,"column":7}},"loc":{"start":{"line":197,"column":54},"end":{"line":200,"column":3}}},"17":{"name":"(anonymous_17)","decl":{"start":{"line":202,"column":2},"end":{"line":202,"column":7}},"loc":{"start":{"line":202,"column":41},"end":{"line":216,"column":3}}},"18":{"name":"(anonymous_18)","decl":{"start":{"line":218,"column":2},"end":{"line":218,"column":7}},"loc":{"start":{"line":218,"column":47},"end":{"line":221,"column":3}}},"19":{"name":"(anonymous_19)","decl":{"start":{"line":223,"column":2},"end":{"line":223,"column":7}},"loc":{"start":{"line":223,"column":36},"end":{"line":237,"column":3}}},"20":{"name":"(anonymous_20)","decl":{"start":{"line":239,"column":2},"end":{"line":239,"column":7}},"loc":{"start":{"line":239,"column":53},"end":{"line":242,"column":3}}},"21":{"name":"(anonymous_21)","decl":{"start":{"line":244,"column":2},"end":{"line":244,"column":7}},"loc":{"start":{"line":244,"column":37},"end":{"line":258,"column":3}}},"22":{"name":"(anonymous_22)","decl":{"start":{"line":260,"column":2},"end":{"line":260,"column":7}},"loc":{"start":{"line":260,"column":56},"end":{"line":263,"column":3}}},"23":{"name":"(anonymous_23)","decl":{"start":{"line":265,"column":2},"end":{"line":265,"column":7}},"loc":{"start":{"line":265,"column":29},"end":{"line":394,"column":3}}},"24":{"name":"(anonymous_24)","decl":{"start":{"line":268,"column":20},"end":{"line":268,"column":21}},"loc":{"start":{"line":268,"column":33},"end":{"line":268,"column":61}}},"25":{"name":"(anonymous_25)","decl":{"start":{"line":273,"column":57},"end":{"line":273,"column":58}},"loc":{"start":{"line":273,"column":66},"end":{"line":277,"column":5}}},"26":{"name":"(anonymous_26)","decl":{"start":{"line":289,"column":32},"end":{"line":289,"column":33}},"loc":{"start":{"line":289,"column":56},"end":{"line":300,"column":5}}},"27":{"name":"(anonymous_27)","decl":{"start":{"line":293,"column":35},"end":{"line":293,"column":36}},"loc":{"start":{"line":293,"column":41},"end":{"line":296,"column":9}}},"28":{"name":"(anonymous_28)","decl":{"start":{"line":304,"column":22},"end":{"line":304,"column":27}},"loc":{"start":{"line":304,"column":36},"end":{"line":309,"column":8}}},"29":{"name":"(anonymous_29)","decl":{"start":{"line":313,"column":42},"end":{"line":313,"column":43}},"loc":{"start":{"line":313,"column":49},"end":{"line":313,"column":58}}},"30":{"name":"(anonymous_30)","decl":{"start":{"line":314,"column":41},"end":{"line":314,"column":42}},"loc":{"start":{"line":314,"column":48},"end":{"line":314,"column":56}}},"31":{"name":"(anonymous_31)","decl":{"start":{"line":315,"column":42},"end":{"line":315,"column":43}},"loc":{"start":{"line":315,"column":49},"end":{"line":315,"column":58}}},"32":{"name":"(anonymous_32)","decl":{"start":{"line":320,"column":26},"end":{"line":320,"column":27}},"loc":{"start":{"line":320,"column":38},"end":{"line":327,"column":5}}},"33":{"name":"(anonymous_33)","decl":{"start":{"line":347,"column":21},"end":{"line":347,"column":22}},"loc":{"start":{"line":347,"column":38},"end":{"line":347,"column":75}}},"34":{"name":"(anonymous_34)","decl":{"start":{"line":399,"column":2},"end":{"line":399,"column":7}},"loc":{"start":{"line":399,"column":22},"end":{"line":403,"column":3}}},"35":{"name":"(anonymous_35)","decl":{"start":{"line":408,"column":2},"end":{"line":408,"column":7}},"loc":{"start":{"line":408,"column":54},"end":{"line":411,"column":3}}},"36":{"name":"(anonymous_36)","decl":{"start":{"line":425,"column":26},"end":{"line":425,"column":31}},"loc":{"start":{"line":425,"column":37},"end":{"line":445,"column":3}}},"37":{"name":"(anonymous_37)","decl":{"start":{"line":447,"column":26},"end":{"line":447,"column":31}},"loc":{"start":{"line":447,"column":81},"end":{"line":467,"column":3}}}},"branchMap":{"0":{"loc":{"start":{"line":27,"column":4},"end":{"line":29,"column":5}},"type":"if","locations":[{"start":{"line":27,"column":4},"end":{"line":29,"column":5}}]},"1":{"loc":{"start":{"line":27,"column":8},"end":{"line":27,"column":69}},"type":"binary-expr","locations":[{"start":{"line":27,"column":8},"end":{"line":27,"column":31}},{"start":{"line":27,"column":35},"end":{"line":27,"column":69}}]},"2":{"loc":{"start":{"line":42,"column":4},"end":{"line":53,"column":5}},"type":"if","locations":[{"start":{"line":42,"column":4},"end":{"line":53,"column":5}}]},"3":{"loc":{"start":{"line":42,"column":8},"end":{"line":42,"column":43}},"type":"binary-expr","locations":[{"start":{"line":42,"column":8},"end":{"line":42,"column":11}},{"start":{"line":42,"column":15},"end":{"line":42,"column":43}}]},"4":{"loc":{"start":{"line":45,"column":8},"end":{"line":49,"column":9}},"type":"if","locations":[{"start":{"line":45,"column":8},"end":{"line":49,"column":9}},{"start":{"line":47,"column":15},"end":{"line":49,"column":9}}]},"5":{"loc":{"start":{"line":46,"column":15},"end":{"line":46,"column":93}},"type":"binary-expr","locations":[{"start":{"line":46,"column":15},"end":{"line":46,"column":34}},{"start":{"line":46,"column":38},"end":{"line":46,"column":61}},{"start":{"line":46,"column":65},"end":{"line":46,"column":85}},{"start":{"line":46,"column":89},"end":{"line":46,"column":93}}]},"6":{"loc":{"start":{"line":55,"column":4},"end":{"line":55,"column":74}},"type":"if","locations":[{"start":{"line":55,"column":4},"end":{"line":55,"column":74}}]},"7":{"loc":{"start":{"line":61,"column":8},"end":{"line":61,"column":94}},"type":"if","locations":[{"start":{"line":61,"column":8},"end":{"line":61,"column":94}}]},"8":{"loc":{"start":{"line":68,"column":10},"end":{"line":69,"column":55}},"type":"binary-expr","locations":[{"start":{"line":68,"column":11},"end":{"line":68,"column":18}},{"start":{"line":68,"column":23},"end":{"line":68,"column":63}},{"start":{"line":69,"column":11},"end":{"line":69,"column":55}}]},"9":{"loc":{"start":{"line":70,"column":8},"end":{"line":70,"column":39}},"type":"if","locations":[{"start":{"line":70,"column":8},"end":{"line":70,"column":39}}]},"10":{"loc":{"start":{"line":78,"column":8},"end":{"line":78,"column":72}},"type":"if","locations":[{"start":{"line":78,"column":8},"end":{"line":78,"column":72}}]},"11":{"loc":{"start":{"line":87,"column":4},"end":{"line":87,"column":33}},"type":"if","locations":[{"start":{"line":87,"column":4},"end":{"line":87,"column":33}}]},"12":{"loc":{"start":{"line":88,"column":12},"end":{"line":88,"column":82}},"type":"binary-expr","locations":[{"start":{"line":88,"column":12},"end":{"line":88,"column":76}},{"start":{"line":88,"column":80},"end":{"line":88,"column":82}}]},"13":{"loc":{"start":{"line":99,"column":4},"end":{"line":99,"column":35}},"type":"if","locations":[{"start":{"line":99,"column":4},"end":{"line":99,"column":35}}]},"14":{"loc":{"start":{"line":101,"column":19},"end":{"line":101,"column":89}},"type":"binary-expr","locations":[{"start":{"line":101,"column":19},"end":{"line":101,"column":83}},{"start":{"line":101,"column":87},"end":{"line":101,"column":89}}]},"15":{"loc":{"start":{"line":102,"column":16},"end":{"line":102,"column":80}},"type":"cond-expr","locations":[{"start":{"line":102,"column":56},"end":{"line":102,"column":73}},{"start":{"line":102,"column":76},"end":{"line":102,"column":80}}]},"16":{"loc":{"start":{"line":102,"column":16},"end":{"line":102,"column":53}},"type":"binary-expr","locations":[{"start":{"line":102,"column":16},"end":{"line":102,"column":32}},{"start":{"line":102,"column":36},"end":{"line":102,"column":53}}]},"17":{"loc":{"start":{"line":103,"column":4},"end":{"line":103,"column":26}},"type":"if","locations":[{"start":{"line":103,"column":4},"end":{"line":103,"column":26}}]},"18":{"loc":{"start":{"line":108,"column":38},"end":{"line":108,"column":75}},"type":"cond-expr","locations":[{"start":{"line":108,"column":62},"end":{"line":108,"column":63}},{"start":{"line":108,"column":66},"end":{"line":108,"column":75}}]},"19":{"loc":{"start":{"line":112,"column":18},"end":{"line":112,"column":46}},"type":"binary-expr","locations":[{"start":{"line":112,"column":18},"end":{"line":112,"column":40}},{"start":{"line":112,"column":44},"end":{"line":112,"column":46}}]},"20":{"loc":{"start":{"line":113,"column":17},"end":{"line":113,"column":77}},"type":"binary-expr","locations":[{"start":{"line":113,"column":17},"end":{"line":113,"column":38}},{"start":{"line":113,"column":42},"end":{"line":113,"column":71}},{"start":{"line":113,"column":75},"end":{"line":113,"column":77}}]},"21":{"loc":{"start":{"line":114,"column":18},"end":{"line":114,"column":46}},"type":"binary-expr","locations":[{"start":{"line":114,"column":18},"end":{"line":114,"column":40}},{"start":{"line":114,"column":44},"end":{"line":114,"column":46}}]},"22":{"loc":{"start":{"line":115,"column":23},"end":{"line":115,"column":56}},"type":"binary-expr","locations":[{"start":{"line":115,"column":23},"end":{"line":115,"column":50}},{"start":{"line":115,"column":54},"end":{"line":115,"column":56}}]},"23":{"loc":{"start":{"line":117,"column":9},"end":{"line":118,"column":57}},"type":"binary-expr","locations":[{"start":{"line":117,"column":9},"end":{"line":117,"column":74}},{"start":{"line":118,"column":9},"end":{"line":118,"column":57}}]},"24":{"loc":{"start":{"line":119,"column":18},"end":{"line":119,"column":46}},"type":"binary-expr","locations":[{"start":{"line":119,"column":18},"end":{"line":119,"column":40}},{"start":{"line":119,"column":44},"end":{"line":119,"column":46}}]},"25":{"loc":{"start":{"line":120,"column":13},"end":{"line":120,"column":36}},"type":"binary-expr","locations":[{"start":{"line":120,"column":13},"end":{"line":120,"column":30}},{"start":{"line":120,"column":34},"end":{"line":120,"column":36}}]},"26":{"loc":{"start":{"line":131,"column":4},"end":{"line":131,"column":33}},"type":"if","locations":[{"start":{"line":131,"column":4},"end":{"line":131,"column":33}}]},"27":{"loc":{"start":{"line":132,"column":12},"end":{"line":132,"column":82}},"type":"binary-expr","locations":[{"start":{"line":132,"column":12},"end":{"line":132,"column":76}},{"start":{"line":132,"column":80},"end":{"line":132,"column":82}}]},"28":{"loc":{"start":{"line":145,"column":4},"end":{"line":145,"column":35}},"type":"if","locations":[{"start":{"line":145,"column":4},"end":{"line":145,"column":35}}]},"29":{"loc":{"start":{"line":148,"column":8},"end":{"line":152,"column":19}},"type":"binary-expr","locations":[{"start":{"line":148,"column":8},"end":{"line":152,"column":13}},{"start":{"line":152,"column":17},"end":{"line":152,"column":19}}]},"30":{"loc":{"start":{"line":153,"column":11},"end":{"line":153,"column":45}},"type":"cond-expr","locations":[{"start":{"line":153,"column":30},"end":{"line":153,"column":38}},{"start":{"line":153,"column":41},"end":{"line":153,"column":45}}]},"31":{"loc":{"start":{"line":158,"column":4},"end":{"line":158,"column":27}},"type":"if","locations":[{"start":{"line":158,"column":4},"end":{"line":158,"column":27}}]},"32":{"loc":{"start":{"line":176,"column":4},"end":{"line":176,"column":35}},"type":"if","locations":[{"start":{"line":176,"column":4},"end":{"line":176,"column":35}}]},"33":{"loc":{"start":{"line":179,"column":8},"end":{"line":183,"column":19}},"type":"binary-expr","locations":[{"start":{"line":179,"column":8},"end":{"line":183,"column":13}},{"start":{"line":183,"column":17},"end":{"line":183,"column":19}}]},"34":{"loc":{"start":{"line":184,"column":11},"end":{"line":184,"column":45}},"type":"cond-expr","locations":[{"start":{"line":184,"column":30},"end":{"line":184,"column":38}},{"start":{"line":184,"column":41},"end":{"line":184,"column":45}}]},"35":{"loc":{"start":{"line":189,"column":4},"end":{"line":189,"column":27}},"type":"if","locations":[{"start":{"line":189,"column":4},"end":{"line":189,"column":27}}]},"36":{"loc":{"start":{"line":207,"column":4},"end":{"line":207,"column":35}},"type":"if","locations":[{"start":{"line":207,"column":4},"end":{"line":207,"column":35}}]},"37":{"loc":{"start":{"line":210,"column":8},"end":{"line":214,"column":19}},"type":"binary-expr","locations":[{"start":{"line":210,"column":8},"end":{"line":214,"column":13}},{"start":{"line":214,"column":17},"end":{"line":214,"column":19}}]},"38":{"loc":{"start":{"line":215,"column":11},"end":{"line":215,"column":45}},"type":"cond-expr","locations":[{"start":{"line":215,"column":30},"end":{"line":215,"column":38}},{"start":{"line":215,"column":41},"end":{"line":215,"column":45}}]},"39":{"loc":{"start":{"line":228,"column":4},"end":{"line":228,"column":35}},"type":"if","locations":[{"start":{"line":228,"column":4},"end":{"line":228,"column":35}}]},"40":{"loc":{"start":{"line":231,"column":8},"end":{"line":235,"column":19}},"type":"binary-expr","locations":[{"start":{"line":231,"column":8},"end":{"line":235,"column":13}},{"start":{"line":235,"column":17},"end":{"line":235,"column":19}}]},"41":{"loc":{"start":{"line":236,"column":11},"end":{"line":236,"column":45}},"type":"cond-expr","locations":[{"start":{"line":236,"column":30},"end":{"line":236,"column":38}},{"start":{"line":236,"column":41},"end":{"line":236,"column":45}}]},"42":{"loc":{"start":{"line":249,"column":4},"end":{"line":249,"column":35}},"type":"if","locations":[{"start":{"line":249,"column":4},"end":{"line":249,"column":35}}]},"43":{"loc":{"start":{"line":252,"column":8},"end":{"line":256,"column":19}},"type":"binary-expr","locations":[{"start":{"line":252,"column":8},"end":{"line":256,"column":13}},{"start":{"line":256,"column":17},"end":{"line":256,"column":19}}]},"44":{"loc":{"start":{"line":257,"column":11},"end":{"line":257,"column":45}},"type":"cond-expr","locations":[{"start":{"line":257,"column":30},"end":{"line":257,"column":38}},{"start":{"line":257,"column":41},"end":{"line":257,"column":45}}]},"45":{"loc":{"start":{"line":290,"column":6},"end":{"line":290,"column":52}},"type":"if","locations":[{"start":{"line":290,"column":6},"end":{"line":290,"column":52}}]},"46":{"loc":{"start":{"line":290,"column":10},"end":{"line":290,"column":37}},"type":"binary-expr","locations":[{"start":{"line":290,"column":10},"end":{"line":290,"column":12}},{"start":{"line":290,"column":16},"end":{"line":290,"column":37}}]},"47":{"loc":{"start":{"line":295,"column":17},"end":{"line":295,"column":93}},"type":"binary-expr","locations":[{"start":{"line":295,"column":17},"end":{"line":295,"column":27}},{"start":{"line":295,"column":31},"end":{"line":295,"column":46}},{"start":{"line":295,"column":50},"end":{"line":295,"column":93}}]},"48":{"loc":{"start":{"line":295,"column":52},"end":{"line":295,"column":92}},"type":"binary-expr","locations":[{"start":{"line":295,"column":52},"end":{"line":295,"column":73}},{"start":{"line":295,"column":77},"end":{"line":295,"column":92}}]},"49":{"loc":{"start":{"line":323,"column":45},"end":{"line":323,"column":65}},"type":"binary-expr","locations":[{"start":{"line":323,"column":45},"end":{"line":323,"column":60}},{"start":{"line":323,"column":64},"end":{"line":323,"column":65}}]},"50":{"loc":{"start":{"line":337,"column":4},"end":{"line":337,"column":50}},"type":"if","locations":[{"start":{"line":337,"column":4},"end":{"line":337,"column":50}}]},"51":{"loc":{"start":{"line":338,"column":4},"end":{"line":338,"column":53}},"type":"if","locations":[{"start":{"line":338,"column":4},"end":{"line":338,"column":53}}]},"52":{"loc":{"start":{"line":347,"column":38},"end":{"line":347,"column":75}},"type":"cond-expr","locations":[{"start":{"line":347,"column":62},"end":{"line":347,"column":63}},{"start":{"line":347,"column":66},"end":{"line":347,"column":75}}]},"53":{"loc":{"start":{"line":352,"column":6},"end":{"line":368,"column":7}},"type":"if","locations":[{"start":{"line":352,"column":6},"end":{"line":368,"column":7}}]},"54":{"loc":{"start":{"line":358,"column":12},"end":{"line":361,"column":21}},"type":"binary-expr","locations":[{"start":{"line":358,"column":12},"end":{"line":358,"column":43}},{"start":{"line":359,"column":12},"end":{"line":359,"column":42}},{"start":{"line":360,"column":12},"end":{"line":360,"column":34}},{"start":{"line":361,"column":12},"end":{"line":361,"column":21}}]},"55":{"lo
[...]
,"C:\\Projects\\personal\\growth-journal\\src\\utils\\QuestionsDataParser.ts": {"path":"C:\\Projects\\personal\\growth-journal\\src\\utils\\QuestionsDataParser.ts","statementMap":{"0":{"start":{"line":9,"column":15},"end":{"line":9,"column":43}},"1":{"start":{"line":28,"column":43},"end":{"line":28,"column":45}},"2":{"start":{"line":31,"column":22},"end":{"line":38,"column":6}},"3":{"start":{"line":39,"column":4},"end":{"line":49,"column":5}},"4":{"start":{"line":40,"column":17},"end":{"line":40,"column":57}},"5":{"start":{"line":41,"column":18},"end":{"line":41,"column":23}},"6":{"start":{"line":42,"column":6},"end":{"line":47,"column":7}},"7":{"start":{"line":43,"column":8},"end":{"line":46,"column":9}},"8":{"start":{"line":44,"column":10},"end":{"line":44,"column":42}},"9":{"start":{"line":45,"column":10},"end":{"line":45,"column":23}},"10":{"start":{"line":48,"column":6},"end":{"line":48,"column":31}},"11":{"start":{"line":48,"column":17},"end":{"line":48,"column":31}},"12":{"start":{"line":52,"column":17},"end":{"line":52,"column":69}},"13":{"start":{"line":54,"column":6},"end":{"line":54,"column":87}},"14":{"start":{"line":55,"column":4},"end":{"line":77,"column":5}},"15":{"start":{"line":57,"column":17},"end":{"line":57,"column":53}},"16":{"start":{"line":58,"column":6},"end":{"line":63,"column":9}},"17":{"start":{"line":59,"column":20},"end":{"line":59,"column":27}},"18":{"start":{"line":60,"column":8},"end":{"line":62,"column":9}},"19":{"start":{"line":61,"column":10},"end":{"line":61,"column":28}},"20":{"start":{"line":66,"column":22},"end":{"line":66,"column":87}},"21":{"start":{"line":67,"column":6},"end":{"line":74,"column":7}},"22":{"start":{"line":68,"column":8},"end":{"line":73,"column":11}},"23":{"start":{"line":69,"column":22},"end":{"line":69,"column":33}},"24":{"start":{"line":70,"column":10},"end":{"line":72,"column":11}},"25":{"start":{"line":71,"column":12},"end":{"line":71,"column":30}},"26":{"start":{"line":76,"column":6},"end":{"line":76,"column":56}},"27":{"start":{"line":76,"column":42},"end":{"line":76,"column":56}},"28":{"start":{"line":80,"column":19},"end":{"line":80,"column":78}},"29":{"start":{"line":81,"column":4},"end":{"line":84,"column":5}},"30":{"start":{"line":82,"column":6},"end":{"line":82,"column":67}},"31":{"start":{"line":83,"column":6},"end":{"line":83,"column":20}},"32":{"start":{"line":85,"column":4},"end":{"line":93,"column":5}},"33":{"start":{"line":86,"column":19},"end":{"line":86,"column":47}},"34":{"start":{"line":87,"column":6},"end":{"line":91,"column":9}},"35":{"start":{"line":88,"column":8},"end":{"line":90,"column":9}},"36":{"start":{"line":89,"column":10},"end":{"line":89,"column":43}},"37":{"start":{"line":92,"column":6},"end":{"line":92,"column":20}},"38":{"start":{"line":95,"column":4},"end":{"line":112,"column":5}},"39":{"start":{"line":96,"column":17},"end":{"line":96,"column":49}},"40":{"start":{"line":97,"column":6},"end":{"line":110,"column":9}},"41":{"start":{"line":98,"column":20},"end":{"line":98,"column":27}},"42":{"start":{"line":99,"column":8},"end":{"line":99,"column":54}},"43":{"start":{"line":99,"column":47},"end":{"line":99,"column":54}},"44":{"start":{"line":100,"column":8},"end":{"line":109,"column":9}},"45":{"start":{"line":101,"column":10},"end":{"line":101,"column":28}},"46":{"start":{"line":102,"column":15},"end":{"line":109,"column":9}},"47":{"start":{"line":107,"column":20},"end":{"line":107,"column":50}},"48":{"start":{"line":108,"column":10},"end":{"line":108,"column":71}},"49":{"start":{"line":108,"column":46},"end":{"line":108,"column":71}},"50":{"start":{"line":111,"column":6},"end":{"line":111,"column":20}},"51":{"start":{"line":114,"column":4},"end":{"line":114,"column":73}},"52":{"start":{"line":115,"column":4},"end":{"line":115,"column":18}},"53":{"start":{"line":127,"column":19},"end":{"line":127,"column":44}},"54":{"start":{"line":128,"column":4},"end":{"line":128,"column":39}},"55":{"start":{"line":144,"column":19},"end":{"line":144,"column":44}},"56":{"start":{"line":145,"column":43},"end":{"line":145,"column":45}},"57":{"start":{"line":147,"column":4},"end":{"line":149,"column":7}},"58":{"start":{"line":148,"column":6},"end":{"line":148,"column":55}},"59":{"start":{"line":151,"column":4},"end":{"line":151,"column":18}}},"fnMap":{"0":{"name":"(anonymous_0)","decl":{"start":{"line":27,"column":2},"end":{"line":27,"column":8}},"loc":{"start":{"line":27,"column":37},"end":{"line":116,"column":3}}},"1":{"name":"(anonymous_1)","decl":{"start":{"line":58,"column":30},"end":{"line":58,"column":31}},"loc":{"start":{"line":58,"column":38},"end":{"line":63,"column":7}}},"2":{"name":"(anonymous_2)","decl":{"start":{"line":68,"column":36},"end":{"line":68,"column":37}},"loc":{"start":{"line":68,"column":44},"end":{"line":73,"column":9}}},"3":{"name":"(anonymous_3)","decl":{"start":{"line":87,"column":19},"end":{"line":87,"column":20}},"loc":{"start":{"line":87,"column":28},"end":{"line":91,"column":7}}},"4":{"name":"(anonymous_4)","decl":{"start":{"line":97,"column":30},"end":{"line":97,"column":31}},"loc":{"start":{"line":97,"column":38},"end":{"line":110,"column":7}}},"5":{"name":"(anonymous_5)","decl":{"start":{"line":126,"column":2},"end":{"line":126,"column":8}},"loc":{"start":{"line":126,"column":75},"end":{"line":129,"column":3}}},"6":{"name":"(anonymous_6)","decl":{"start":{"line":139,"column":2},"end":{"line":139,"column":8}},"loc":{"start":{"line":142,"column":41},"end":{"line":152,"column":3}}},"7":{"name":"(anonymous_7)","decl":{"start":{"line":147,"column":17},"end":{"line":147,"column":18}},"loc":{"start":{"line":147,"column":25},"end":{"line":149,"column":5}}}},"branchMap":{"0":{"loc":{"start":{"line":39,"column":4},"end":{"line":49,"column":5}},"type":"if","locations":[{"start":{"line":39,"column":4},"end":{"line":49,"column":5}}]},"1":{"loc":{"start":{"line":39,"column":8},"end":{"line":39,"column":91}},"type":"binary-expr","locations":[{"start":{"line":39,"column":8},"end":{"line":39,"column":21}},{"start":{"line":39,"column":25},"end":{"line":39,"column":58}},{"start":{"line":39,"column":62},"end":{"line":39,"column":91}}]},"2":{"loc":{"start":{"line":43,"column":8},"end":{"line":46,"column":9}},"type":"if","locations":[{"start":{"line":43,"column":8},"end":{"line":46,"column":9}}]},"3":{"loc":{"start":{"line":48,"column":6},"end":{"line":48,"column":31}},"type":"if","locations":[{"start":{"line":48,"column":6},"end":{"line":48,"column":31}}]},"4":{"loc":{"start":{"line":54,"column":6},"end":{"line":54,"column":87}},"type":"binary-expr","locations":[{"start":{"line":54,"column":6},"end":{"line":54,"column":21}},{"start":{"line":54,"column":26},"end":{"line":54,"column":87}}]},"5":{"loc":{"start":{"line":55,"column":4},"end":{"line":77,"column":5}},"type":"if","locations":[{"start":{"line":55,"column":4},"end":{"line":77,"column":5}}]},"6":{"loc":{"start":{"line":55,"column":8},"end":{"line":55,"column":50}},"type":"binary-expr","locations":[{"start":{"line":55,"column":8},"end":{"line":55,"column":17}},{"start":{"line":55,"column":21},"end":{"line":55,"column":50}}]},"7":{"loc":{"start":{"line":60,"column":8},"end":{"line":62,"column":9}},"type":"if","locations":[{"start":{"line":60,"column":8},"end":{"line":62,"column":9}}]},"8":{"loc":{"start":{"line":66,"column":22},"end":{"line":66,"column":87}},"type":"binary-expr","locations":[{"start":{"line":66,"column":22},"end":{"line":66,"column":74}},{"start":{"line":66,"column":78},"end":{"line":66,"column":87}}]},"9":{"loc":{"start":{"line":67,"column":6},"end":{"line":74,"column":7}},"type":"if","locations":[{"start":{"line":67,"column":6},"end":{"line":74,"column":7}}]},"10":{"loc":{"start":{"line":67,"column":10},"end":{"line":67,"column":46}},"type":"binary-expr","locations":[{"start":{"line":67,"column":10},"end":{"line":67,"column":16}},{"start":{"line":67,"column":20},"end":{"line":67,"column":46}}]},"11":{"loc":{"start":{"line":70,"column":10},"end":{"line":72,"column":11}},"type":"if","locations":[{"start":{"line":70,"column":10},"end":{"line":72,"column":11}}]},"12":{"loc":{"start":{"line":76,"column":6},"end":{"line":76,"column":56}},"type":"if","locations":[{"start":{"line":76,"column":6},"end":{"line":76,"column":56}}]},"13":{"loc":{"start":{"line":81,"column":4},"end":{"line":84,"column":5}},"type":"if","locations":[{"start":{"line":81,"column":4},"end":{"line":84,"column":5}}]},"14":{"loc":{"start":{"line":85,"column":4},"end":{"line":93,"column":5}},"type":"if","locations":[{"start":{"line":85,"column":4},"end":{"line":93,"column":5}}]},"15":{"loc":{"start":{"line":88,"column":8},"end":{"line":90,"column":9}},"type":"if","locations":[{"start":{"line":88,"column":8},"end":{"line":90,"column":9}}]},"16":{"loc":{"start":{"line":88,"column":12},"end":{"line":88,"column":37}},"type":"binary-expr","locations":[{"start":{"line":88,"column":12},"end":{"line":88,"column":20}},{"start":{"line":88,"column":24},"end":{"line":88,"column":37}}]},"17":{"loc":{"start":{"line":95,"column":4},"end":{"line":112,"column":5}},"type":"if","locations":[{"start":{"line":95,"column":4},"end":{"line":112,"column":5}}]},"18":{"loc":{"start":{"line":99,"column":8},"end":{"line":99,"column":54}},"type":"if","locations":[{"start":{"line":99,"column":8},"end":{"line":99,"column":54}}]},"19":{"loc":{"start":{"line":99,"column":12},"end":{"line":99,"column":45}},"type":"binary-expr","locations":[{"start":{"line":99,"column":12},"end":{"line":99,"column":29}},{"start":{"line":99,"column":33},"end":{"line":99,"column":45}}]},"20":{"loc":{"start":{"line":100,"column":8},"end":{"line":109,"column":9}},"type":"if","locations":[{"start":{"line":100,"column":8},"end":{"line":109,"column":9}},{"start":{"line":102,"column":15},"end":{"line":109,"column":9}}]},"21":{"loc":{"start":{"line":102,"column":15},"end":{"line":109,"column":9}},"type":"if","locations":[{"start":{"line":102,"column":15},"end":{"line":109,"column":9}}]},"22":{"loc":{"start":{"line":103,"column":10},"end":{"line":105,"column":56}},"type":"binary-expr","locations":[{"start":{"line":103,"column":10},"end":{"line":103,"column":33}},{"start":{"line":104,"column":10},"end":{"line":104,"column":13}},{"start":{"line":105,"column":10},"end":{"line":105,"column":56}}]},"23":{"loc":{"start":{"line":108,"column":10},"end":{"line":108,"column":71}},"type":"if","locations":[{"start":{"line":108,"column":10},"end":{"line":108,"column":71}}]},"24":{"loc":{"start":{"line":126,"column":50},"end":{"line":126,"column":75}},"type":"default-arg","locations":[{"start":{"line":126,"column":73},"end":{"line":126,"column":75}}]},"25":{"loc":{"start":{"line":128,"column":11},"end":{"line":128,"column":38}},"type":"binary-expr","locations":[{"start":{"line":128,"column":11},"end":{"line":128,"column":22}},{"start":{"line":128,"column":26},"end":{"line":128,"column":38}}]},"26":{"loc":{"start":{"line":142,"column":4},"end":{"line":142,"column":41}},"type":"default-arg","locations":[{"start":{"line":142,"column":39},"end":{"line":142,"column":41}}]},"27":{"loc":{"start":{"line":148,"column":20},"end":{"line":148,"column":54}},"type":"binary-expr","locations":[{"start":{"line":148,"column":20},"end":{"line":148,"column":31}},{"start":{"line":148,"column":35},"end":{"line":148,"column":48}},{"start":{"line":148,"column":52},"end":{"line":148,"column":54}}]}},"s":{"0":1,"1":5,"2":5,"3":5,"4":5,"5":5,"6":5,"7":30,"8":6,"9":6,"10":5,"11":3,"12":2,"13":2,"14":2,"15":1,"16":1,"17":2,"18":2,"19":1,"20":1,"21":1,"22":0,"23":0,"24":0,"25":0,"26":1,"27":1,"28":1,"29":1,"30":0,"31":0,"32":1,"33":1,"34":1,"35":1,"36":1,"37":1,"38":0,"39":0,"40":0,"41":0,"42":0,"43":0,"44":0,"45":0,"46":0,"47":0,"48":0,"49":0,"50":0,"51":0,"52":0,"53":1,"54":1,"55":1,"56":1,"57":1,"58":2,"59":1},"f":{"0":5,"1":2,"2":0,"3":1,"4":0,"5":1,"6":1,"7":2},"b":{"0":[5],"1":[5,5,5],"2":[6],"3":[3],"4":[2,1],"5":[1],"6":[2,1],"7":[1],"8":[1,1],"9":[0],"10":[1,0],"11":[0],"12":[1],"13":[0],"14":[1],"15":[1],"16":[1,1],"17":[0],"18":[0],"19":[0,0],"20":[0,0],"21":[0],"22":[0,0,0],"23":[0],"24":[1],"25":[1,0],"26":[1],"27":[2,0,0]}}
,"C:\\Projects\\personal\\growth-journal\\src\\utils\\pwa-static.ts": {"path":"C:\\Projects\\personal\\growth-journal\\src\\utils\\pwa-static.ts","statementMap":{"0":{"start":{"line":6,"column":2},"end":{"line":10,"column":4}}},"fnMap":{"0":{"name":"isPWA","decl":{"start":{"line":5,"column":16},"end":{"line":5,"column":21}},"loc":{"start":{"line":5,"column":21},"end":{"line":11,"column":1}}}},"branchMap":{"0":{"loc":{"start":{"line":7,"column":4},"end":{"line":9,"column":48}},"type":"binary-expr","locations":[{"start":{"line":7,"column":4},"end":{"line":7,"column":59}},{"start":{"line":8,"column":5},"end":{"line":8,"column":73}},{"start":{"line":9,"column":4},"end":{"line":9,"column":48}}]}},"s":{"0":2},"f":{"0":2},"b":{"0":[2,1,1]}}
,"C:\\Projects\\personal\\growth-journal\\tests\\jest\\helpers\\mockServiceWorker.ts": {"path":"C:\\Projects\\personal\\growth-journal\\tests\\jest\\helpers\\mockServiceWorker.ts","statementMap":{"0":{"start":{"line":21,"column":2},"end":{"line":52,"column":3}},"1":{"start":{"line":23,"column":14},"end":{"line":23,"column":74}},"2":{"start":{"line":26,"column":8},"end":{"line":28,"column":14}},"3":{"start":{"line":27,"column":10},"end":{"line":27,"column":57}},"4":{"start":{"line":27,"column":31},"end":{"line":27,"column":57}},"5":{"start":{"line":31,"column":8},"end":{"line":31,"column":29}},"6":{"start":{"line":34,"column":8},"end":{"line":34,"column":31}},"7":{"start":{"line":39,"column":5},"end":{"line":51,"column":69}},"8":{"start":{"line":43,"column":8},"end":{"line":43,"column":36}},"9":{"start":{"line":44,"column":8},"end":{"line":44,"column":36}},"10":{"start":{"line":46,"column":8},"end":{"line":47,"column":71}},"11":{"start":{"line":47,"column":10},"end":{"line":47,"column":70}},"12":{"start":{"line":47,"column":27},"end":{"line":47,"column":66}},"13":{"start":{"line":48,"column":8},"end":{"line":49,"column":71}},"14":{"start":{"line":49,"column":10},"end":{"line":49,"column":70}},"15":{"start":{"line":49,"column":27},"end":{"line":49,"column":66}},"16":{"start":{"line":54,"column":17},"end":{"line":74,"column":32}},"17":{"start":{"line":58,"column":8},"end":{"line":58,"column":90}},"18":{"start":{"line":59,"column":6},"end":{"line":59,"column":66}},"19":{"start":{"line":59,"column":59},"end":{"line":59,"column":66}},"20":{"start":{"line":62,"column":6},"end":{"line":72,"column":93}},"21":{"start":{"line":64,"column":10},"end":{"line":70,"column":11}},"22":{"start":{"line":65,"column":22},"end":{"line":65,"column":72}},"23":{"start":{"line":67,"column":12},"end":{"line":67,"column":47}},"24":{"start":{"line":69,"column":12},"end":{"line":69,"column":82}},"25":{"start":{"line":72,"column":22},"end":{"line":72,"column":91}},"26":{"start":{"line":77,"column":23},"end":{"line":81,"column":44}},"27":{"start":{"line":84,"column":12},"end":{"line":84,"column":56}},"28":{"start":{"line":86,"column":5},"end":{"line":87,"column":93}},"29":{"start":{"line":88,"column":2},"end":{"line":91,"column":3}},"30":{"start":{"line":90,"column":5},"end":{"line":90,"column":50}},"31":{"start":{"line":93,"column":16},"end":{"line":93,"column":70}},"32":{"start":{"line":95,"column":3},"end":{"line":98,"column":32}},"33":{"start":{"line":100,"column":2},"end":{"line":105,"column":4}},"34":{"start":{"line":102,"column":5},"end":{"line":104,"column":18}}},"fnMap":{"0":{"name":"installMockServiceWorker","decl":{"start":{"line":16,"column":16},"end":{"line":16,"column":40}},"loc":{"start":{"line":18,"column":83},"end":{"line":106,"column":1}}},"1":{"name":"(anonymous_1)","decl":{"start":{"line":22,"column":4},"end":{"line":22,"column":10}},"loc":{"start":{"line":22,"column":4},"end":{"line":36,"column":5}}},"2":{"name":"(anonymous_2)","decl":{"start":{"line":24,"column":6},"end":{"line":24,"column":17}},"loc":{"start":{"line":24,"column":31},"end":{"line":29,"column":7}}},"3":{"name":"(anonymous_3)","decl":{"start":{"line":26,"column":19},"end":{"line":26,"column":22}},"loc":{"start":{"line":26,"column":24},"end":{"line":28,"column":9}}},"4":{"name":"(anonymous_4)","decl":{"start":{"line":30,"column":6},"end":{"line":30,"column":10}},"loc":{"start":{"line":30,"column":64},"end":{"line":32,"column":7}}},"5":{"name":"(anonymous_5)","decl":{"start":{"line":33,"column":6},"end":{"line":33,"column":10}},"loc":{"start":{"line":33,"column":19},"end":{"line":35,"column":7}}},"6":{"name":"(anonymous_6)","decl":{"start":{"line":42,"column":6},"end":{"line":42,"column":null}},"loc":{"start":{"line":42,"column":6},"end":{"line":50,"column":7}}},"7":{"name":"(anonymous_7)","decl":{"start":{"line":46,"column":33},"end":{"line":46,"column":34}},"loc":{"start":{"line":47,"column":10},"end":{"line":47,"column":70}}},"8":{"name":"(anonymous_8)","decl":{"start":{"line":47,"column":21},"end":{"line":47,"column":24}},"loc":{"start":{"line":47,"column":27},"end":{"line":47,"column":66}}},"9":{"name":"(anonymous_9)","decl":{"start":{"line":48,"column":33},"end":{"line":48,"column":34}},"loc":{"start":{"line":49,"column":10},"end":{"line":49,"column":70}}},"10":{"name":"(anonymous_10)","decl":{"start":{"line":49,"column":21},"end":{"line":49,"column":24}},"loc":{"start":{"line":49,"column":27},"end":{"line":49,"column":66}}},"11":{"name":"(anonymous_11)","decl":{"start":{"line":55,"column":4},"end":{"line":55,"column":15}},"loc":{"start":{"line":55,"column":66},"end":{"line":73,"column":5}}},"12":{"name":"(anonymous_12)","decl":{"start":{"line":63,"column":14},"end":{"line":63,"column":19}},"loc":{"start":{"line":63,"column":25},"end":{"line":71,"column":9}}},"13":{"name":"(anonymous_13)","decl":{"start":{"line":72,"column":15},"end":{"line":72,"column":16}},"loc":{"start":{"line":72,"column":22},"end":{"line":72,"column":91}}},"14":{"name":"uninstall","decl":{"start":{"line":100,"column":18},"end":{"line":100,"column":27}},"loc":{"start":{"line":100,"column":27},"end":{"line":105,"column":3}}}},"branchMap":{"0":{"loc":{"start":{"line":21,"column":2},"end":{"line":52,"column":3}},"type":"if","locations":[{"start":{"line":21,"column":2},"end":{"line":52,"column":3}}]},"1":{"loc":{"start":{"line":27,"column":10},"end":{"line":27,"column":57}},"type":"if","locations":[{"start":{"line":27,"column":10},"end":{"line":27,"column":57}}]},"2":{"loc":{"start":{"line":58,"column":8},"end":{"line":58,"column":90}},"type":"binary-expr","locations":[{"start":{"line":58,"column":9},"end":{"line":58,"column":17}},{"start":{"line":58,"column":22},"end":{"line":58,"column":76}},{"start":{"line":58,"column":81},"end":{"line":58,"column":90}}]},"3":{"loc":{"start":{"line":59,"column":6},"end":{"line":59,"column":66}},"type":"if","locations":[{"start":{"line":59,"column":6},"end":{"line":59,"column":66}}]},"4":{"loc":{"start":{"line":59,"column":10},"end":{"line":59,"column":57}},"type":"binary-expr","locations":[{"start":{"line":59,"column":10},"end":{"line":59,"column":15}},{"start":{"line":59,"column":19},"end":{"line":59,"column":57}}]},"5":{"loc":{"start":{"line":86,"column":5},"end":{"line":87,"column":93}},"type":"binary-expr","locations":[{"start":{"line":86,"column":5},"end":{"line":86,"column":44}},{"start":{"line":87,"column":6},"end":{"line":87,"column":93}}]},"6":{"loc":{"start":{"line":88,"column":2},"end":{"line":91,"column":3}},"type":"if","locations":[{"start":{"line":88,"column":2},"end":{"line":91,"column":3}}]}},"s":{"0":6,"1":90,"2":0,"3":0,"4":0,"5":45,"6":0,"7":3,"8":45,"9":45,"10":45,"11":0,"12":0,"13":45,"14":45,"15":45,"16":6,"17":45,"18":45,"19":0,"20":45,"21":45,"22":45,"23":45,"24":0,"25":0,"26":6,"27":6,"28":6,"29":6,"30":0,"31":6,"32":6,"33":6,"34":6},"f":{"0":6,"1":90,"2":0,"3":0,"4":45,"5":0,"6":45,"7":0,"8":0,"9":45,"10":45,"11":45,"12":45,"13":0,"14":6},"b":{"0":[3],"1":[0],"2":[45,45,0],"3":[0],"4":[45,45],"5":[6,0],"6":[0]}}
}
