TN:
SF:src\components\Base\BaseComponent.ts
FN:73,(anonymous_0)
FN:161,(anonymous_1)
FN:98,(anonymous_2)
FN:119,(anonymous_3)
FN:140,(anonymous_4)
FN:146,(anonymous_5)
FN:152,(anonymous_6)
FN:184,(anonymous_7)
FN:194,(anonymous_8)
FN:204,(anonymous_9)
FN:230,(anonymous_10)
FN:233,(anonymous_11)
FN:239,(anonymous_12)
FN:265,(anonymous_13)
FN:287,(anonymous_14)
FN:304,(anonymous_15)
FN:311,(anonymous_16)
FN:344,(anonymous_17)
FN:355,(anonymous_18)
FN:361,(anonymous_19)
FN:369,(anonymous_20)
FN:394,(anonymous_21)
FN:416,(anonymous_22)
FN:419,(anonymous_23)
FN:421,(anonymous_24)
FN:422,(anonymous_25)
FNF:26
FNH:6
FNDA:1,(anonymous_0)
FNDA:0,(anonymous_1)
FNDA:0,(anonymous_2)
FNDA:0,(anonymous_3)
FNDA:0,(anonymous_4)
FNDA:0,(anonymous_5)
FNDA:0,(anonymous_6)
FNDA:0,(anonymous_7)
FNDA:1,(anonymous_8)
FNDA:1,(anonymous_9)
FNDA:0,(anonymous_10)
FNDA:0,(anonymous_11)
FNDA:0,(anonymous_12)
FNDA:0,(anonymous_13)
FNDA:0,(anonymous_14)
FNDA:0,(anonymous_15)
FNDA:1,(anonymous_16)
FNDA:1,(anonymous_17)
FNDA:0,(anonymous_18)
FNDA:0,(anonymous_19)
FNDA:0,(anonymous_20)
FNDA:0,(anonymous_21)
FNDA:1,(anonymous_22)
FNDA:0,(anonymous_23)
FNDA:0,(anonymous_24)
FNDA:0,(anonymous_25)
DA:6,1
DA:28,1
DA:31,1
DA:40,1
DA:43,1
DA:49,1
DA:52,1
DA:78,1
DA:79,1
DA:82,1
DA:83,1
DA:84,1
DA:88,1
DA:89,1
DA:90,1
DA:91,1
DA:92,1
DA:97,1
DA:99,0
DA:100,0
DA:101,0
DA:103,0
DA:108,1
DA:109,1
DA:112,1
DA:113,1
DA:116,1
DA:118,0
DA:119,0
DA:120,0
DA:121,0
DA:122,0
DA:123,0
DA:125,0
DA:127,1
DA:128,1
DA:141,0
DA:142,0
DA:143,0
DA:144,0
DA:146,0
DA:147,0
DA:148,0
DA:150,0
DA:152,0
DA:153,0
DA:161,1
DA:163,0
DA:165,0
DA:166,0
DA:171,0
DA:172,0
DA:173,0
DA:174,0
DA:175,0
DA:196,1
DA:197,1
DA:205,1
DA:207,1
DA:209,0
DA:210,0
DA:211,0
DA:213,0
DA:214,0
DA:217,0
DA:218,0
DA:219,0
DA:231,0
DA:233,0
DA:240,0
DA:241,0
DA:242,0
DA:244,0
DA:245,0
DA:248,0
DA:266,0
DA:268,0
DA:270,0
DA:271,0
DA:275,0
DA:289,0
DA:290,0
DA:291,0
DA:292,0
DA:294,0
DA:305,0
DA:312,1
DA:314,1
DA:315,1
DA:317,1
DA:318,0
DA:319,0
DA:320,0
DA:321,0
DA:322,0
DA:324,1
DA:325,1
DA:326,1
DA:327,1
DA:345,1
DA:346,1
DA:348,1
DA:350,1
DA:353,1
DA:354,1
DA:356,0
DA:362,0
DA:365,1
DA:368,1
DA:369,1
DA:370,0
DA:371,0
DA:372,0
DA:373,0
DA:374,0
DA:375,0
DA:378,1
DA:379,1
DA:382,0
DA:383,0
DA:384,0
DA:395,0
DA:397,0
DA:398,0
DA:399,0
DA:400,0
DA:403,0
DA:404,0
DA:405,0
DA:417,1
DA:418,1
DA:419,1
DA:420,0
DA:421,0
DA:422,0
DA:423,0
DA:424,0
DA:425,0
DA:427,0
LF:139
LH:52
BRDA:171,0,0,0
BRDA:83,1,0,1
BRDA:83,2,0,1
BRDA:83,2,1,1
BRDA:88,3,0,1
BRDA:92,4,0,0
BRDA:100,5,0,0
BRDA:100,6,0,0
BRDA:100,6,1,0
BRDA:109,7,0,1
BRDA:109,7,1,0
BRDA:112,8,0,1
BRDA:116,9,0,0
BRDA:116,9,1,1
BRDA:120,10,0,0
BRDA:120,10,1,0
BRDA:121,11,0,0
BRDA:127,12,0,1
BRDA:143,13,0,0
BRDA:147,14,0,0
BRDA:147,14,1,0
BRDA:148,15,0,0
BRDA:148,15,1,0
BRDA:209,16,0,0
BRDA:209,16,1,0
BRDA:213,17,0,0
BRDA:218,18,0,0
BRDA:244,19,0,0
BRDA:245,20,0,0
BRDA:245,21,0,0
BRDA:245,21,1,0
BRDA:266,22,0,0
BRDA:268,23,0,0
BRDA:268,23,1,0
BRDA:270,24,0,0
BRDA:290,25,0,0
BRDA:290,25,1,0
BRDA:291,26,0,0
BRDA:291,26,1,0
BRDA:312,27,0,0
BRDA:312,28,0,1
BRDA:312,28,1,1
BRDA:315,29,0,0
BRDA:317,30,0,0
BRDA:317,30,1,1
BRDA:345,31,0,0
BRDA:346,32,0,0
BRDA:348,33,0,1
BRDA:348,33,1,0
BRDA:371,34,0,0
BRDA:372,35,0,0
BRDA:375,36,0,0
BRDA:375,36,1,0
BRDA:384,37,0,0
BRDA:384,37,1,0
BRDA:395,38,0,0
BRDA:395,39,0,0
BRDA:395,39,1,0
BRDA:397,40,0,0
BRDA:397,40,1,0
BRDA:398,41,0,0
BRDA:398,41,1,0
BRDA:400,42,0,0
BRDA:400,42,1,0
BRDA:405,43,0,0
BRDA:405,43,1,0
BRDA:417,44,0,0
BRDA:420,45,0,0
BRDA:420,45,1,0
BRDA:424,46,0,0
BRDA:424,46,1,0
BRDA:424,47,0,0
BRDA:424,47,1,0
BRF:73
BRH:12
end_of_record
TN:
SF:src\components\Settings\Settings.ts
FN:7,(anonymous_0)
FN:8,(anonymous_1)
FN:11,(anonymous_2)
FN:22,(anonymous_3)
FN:32,(anonymous_4)
FN:45,(anonymous_5)
FN:63,(anonymous_6)
FN:74,(anonymous_7)
FN:84,(anonymous_8)
FN:103,(anonymous_9)
FN:125,(anonymous_10)
FN:140,(anonymous_11)
FN:185,(anonymous_12)
FN:190,(anonymous_13)
FNF:14
FNH:4
FNDA:1,(anonymous_0)
FNDA:1,(anonymous_1)
FNDA:0,(anonymous_2)
FNDA:0,(anonymous_3)
FNDA:0,(anonymous_4)
FNDA:0,(anonymous_5)
FNDA:0,(anonymous_6)
FNDA:0,(anonymous_7)
FNDA:0,(anonymous_8)
FNDA:0,(anonymous_9)
FNDA:0,(anonymous_10)
FNDA:1,(anonymous_11)
FNDA:0,(anonymous_12)
FNDA:1,(anonymous_13)
DA:8,1
DA:13,0
DA:14,0
DA:15,0
DA:22,0
DA:24,0
DA:29,0
DA:30,0
DA:31,0
DA:32,0
DA:33,0
DA:34,0
DA:39,0
DA:40,0
DA:41,0
DA:42,0
DA:43,0
DA:44,0
DA:45,0
DA:46,0
DA:47,0
DA:48,0
DA:49,0
DA:50,0
DA:52,0
DA:57,0
DA:58,0
DA:59,0
DA:60,0
DA:61,0
DA:63,0
DA:64,0
DA:67,0
DA:68,0
DA:76,0
DA:77,0
DA:78,0
DA:80,0
DA:85,0
DA:86,0
DA:87,0
DA:88,0
DA:90,0
DA:91,0
DA:92,0
DA:95,0
DA:96,0
DA:98,0
DA:99,0
DA:104,0
DA:105,0
DA:106,0
DA:108,0
DA:116,0
DA:117,0
DA:118,0
DA:120,0
DA:121,0
DA:126,0
DA:127,0
DA:128,0
DA:130,0
DA:131,0
DA:132,0
DA:133,0
DA:135,0
DA:136,0
DA:141,1
DA:142,1
DA:144,1
DA:145,1
DA:146,1
DA:147,1
DA:148,1
DA:149,1
DA:150,1
DA:151,1
DA:152,1
DA:153,1
DA:155,0
DA:158,0
DA:160,1
DA:164,0
DA:165,0
DA:167,0
DA:168,0
DA:169,0
DA:170,0
DA:172,0
DA:173,0
DA:174,0
DA:177,0
DA:178,0
DA:180,0
DA:181,0
DA:186,0
DA:187,0
DA:191,1
DA:195,1
LF:99
LH:16
BRDA:14,0,0,0
BRDA:14,1,0,0
BRDA:14,1,1,0
BRDA:31,2,0,0
BRDA:31,3,0,0
BRDA:31,3,1,0
BRDA:33,4,0,0
BRDA:33,4,1,0
BRDA:33,5,0,0
BRDA:33,5,1,0
BRDA:41,6,0,0
BRDA:43,7,0,0
BRDA:43,7,1,0
BRDA:44,8,0,0
BRDA:44,8,1,0
BRDA:49,9,0,0
BRDA:49,9,1,0
BRDA:49,10,0,0
BRDA:49,10,1,0
BRDA:50,11,0,0
BRDA:50,11,1,0
BRDA:52,12,0,0
BRDA:52,12,1,0
BRDA:58,13,0,0
BRDA:58,13,1,0
BRDA:59,14,0,0
BRDA:59,14,1,0
BRDA:59,15,0,0
BRDA:59,15,1,0
BRDA:59,15,2,0
BRDA:60,16,0,0
BRDA:60,16,1,0
BRDA:64,17,0,0
BRDA:64,17,1,0
BRDA:67,18,0,0
BRDA:67,18,1,0
BRDA:86,19,0,0
BRDA:86,20,0,0
BRDA:86,20,1,0
BRDA:86,20,2,0
BRDA:104,21,0,0
BRDA:117,22,0,0
BRDA:117,22,1,0
BRDA:126,23,0,0
BRDA:146,24,0,1
BRDA:147,25,0,1
BRDA:147,25,1,0
BRDA:151,26,0,1
BRDA:151,26,1,0
BRDA:152,27,0,1
BRDA:152,27,1,0
BRDA:153,28,0,0
BRDA:155,29,0,0
BRDA:155,29,1,0
BRDA:158,30,0,0
BRDA:158,30,1,0
BRDA:165,31,0,0
BRDA:167,32,0,0
BRDA:167,33,0,0
BRDA:167,33,1,0
BRDA:167,33,2,0
BRDA:168,34,0,0
BRDA:168,34,1,0
BRDA:169,35,0,0
BRDA:172,36,0,0
BRDA:172,36,1,0
BRDA:177,37,0,0
BRDA:177,37,1,0
BRDA:178,38,0,0
BRDA:181,39,0,0
BRDA:181,39,1,0
BRDA:187,40,0,0
BRF:72
BRH:4
end_of_record
TN:
SF:src\data\IndexedDbDataService.ts
FN:23,(anonymous_0)
FN:33,(anonymous_1)
FN:57,(anonymous_2)
FN:60,(anonymous_3)
FN:64,(anonymous_4)
FN:84,(anonymous_5)
FN:91,(anonymous_6)
FN:96,(anonymous_7)
FN:108,(anonymous_8)
FN:126,(anonymous_9)
FN:135,(anonymous_10)
FN:140,(anonymous_11)
FN:156,(anonymous_12)
FN:166,(anonymous_13)
FN:171,(anonymous_14)
FN:187,(anonymous_15)
FN:197,(anonymous_16)
FN:202,(anonymous_17)
FN:218,(anonymous_18)
FN:223,(anonymous_19)
FN:239,(anonymous_20)
FN:244,(anonymous_21)
FN:260,(anonymous_22)
FN:265,(anonymous_23)
FN:268,(anonymous_24)
FN:273,(anonymous_25)
FN:289,(anonymous_26)
FN:293,(anonymous_27)
FN:304,(anonymous_28)
FN:313,(anonymous_29)
FN:314,(anonymous_30)
FN:315,(anonymous_31)
FN:320,(anonymous_32)
FN:347,(anonymous_33)
FN:399,(anonymous_34)
FN:408,(anonymous_35)
FN:425,(anonymous_36)
FN:447,(anonymous_37)
FNF:38
FNH:5
FNDA:1,(anonymous_0)
FNDA:1,(anonymous_1)
FNDA:1,(anonymous_2)
FNDA:0,(anonymous_3)
FNDA:1,(anonymous_4)
FNDA:0,(anonymous_5)
FNDA:0,(anonymous_6)
FNDA:0,(anonymous_7)
FNDA:0,(anonymous_8)
FNDA:0,(anonymous_9)
FNDA:1,(anonymous_10)
FNDA:0,(anonymous_11)
FNDA:0,(anonymous_12)
FNDA:0,(anonymous_13)
FNDA:0,(anonymous_14)
FNDA:0,(anonymous_15)
FNDA:0,(anonymous_16)
FNDA:0,(anonymous_17)
FNDA:0,(anonymous_18)
FNDA:0,(anonymous_19)
FNDA:0,(anonymous_20)
FNDA:0,(anonymous_21)
FNDA:0,(anonymous_22)
FNDA:0,(anonymous_23)
FNDA:0,(anonymous_24)
FNDA:0,(anonymous_25)
FNDA:0,(anonymous_26)
FNDA:0,(anonymous_27)
FNDA:0,(anonymous_28)
FNDA:0,(anonymous_29)
FNDA:0,(anonymous_30)
FNDA:0,(anonymous_31)
FNDA:0,(anonymous_32)
FNDA:0,(anonymous_33)
FNDA:0,(anonymous_34)
FNDA:0,(anonymous_35)
FNDA:0,(anonymous_36)
FNDA:0,(anonymous_37)
DA:27,1
DA:28,1
DA:30,0
DA:40,1
DA:42,1
DA:43,0
DA:44,0
DA:45,0
DA:46,0
DA:48,0
DA:55,1
DA:57,1
DA:58,1
DA:59,1
DA:60,1
DA:61,0
DA:64,1
DA:65,1
DA:66,1
DA:68,1
DA:70,1
DA:71,0
DA:74,1
DA:75,1
DA:77,0
DA:78,0
DA:86,0
DA:87,0
DA:88,0
DA:92,0
DA:93,0
DA:98,0
DA:99,0
DA:100,0
DA:101,0
DA:102,0
DA:103,0
DA:108,0
DA:109,0
DA:111,0
DA:123,0
DA:127,0
DA:131,0
DA:132,0
DA:136,1
DA:137,1
DA:141,0
DA:145,0
DA:148,0
DA:153,0
DA:157,0
DA:158,0
DA:159,0
DA:167,0
DA:168,0
DA:172,0
DA:176,0
DA:179,0
DA:184,0
DA:188,0
DA:189,0
DA:190,0
DA:198,0
DA:199,0
DA:203,0
DA:207,0
DA:210,0
DA:215,0
DA:219,0
DA:220,0
DA:224,0
DA:228,0
DA:231,0
DA:236,0
DA:240,0
DA:241,0
DA:245,0
DA:249,0
DA:252,0
DA:257,0
DA:261,0
DA:262,0
DA:266,0
DA:267,0
DA:268,0
DA:270,0
DA:273,0
DA:274,0
DA:275,0
DA:276,0
DA:280,0
DA:289,0
DA:290,0
DA:291,0
DA:292,0
DA:293,0
DA:294,0
DA:295,0
DA:298,0
DA:303,0
DA:304,0
DA:312,0
DA:313,0
DA:314,0
DA:315,0
DA:320,0
DA:321,0
DA:323,0
DA:324,0
DA:325,0
DA:326,0
DA:329,0
DA:330,0
DA:332,0
DA:337,0
DA:338,0
DA:341,0
DA:347,0
DA:349,0
DA:350,0
DA:351,0
DA:352,0
DA:353,0
DA:369,0
DA:370,0
DA:371,0
DA:372,0
DA:383,0
DA:393,0
DA:400,0
DA:401,0
DA:402,0
DA:409,0
DA:410,0
DA:424,2
DA:425,2
DA:426,0
DA:427,0
DA:428,0
DA:429,0
DA:430,0
DA:431,0
DA:433,0
DA:434,0
DA:435,0
DA:436,0
DA:437,0
DA:438,0
DA:439,0
DA:440,0
DA:441,0
DA:443,0
DA:447,2
DA:448,0
DA:449,0
DA:450,0
DA:451,0
DA:452,0
DA:453,0
DA:455,0
DA:457,0
DA:458,0
DA:459,0
DA:461,0
DA:462,0
DA:463,0
DA:465,0
LF:167
LH:21
BRDA:27,0,0,1
BRDA:27,1,0,1
BRDA:27,1,1,1
BRDA:42,2,0,0
BRDA:42,3,0,1
BRDA:42,3,1,0
BRDA:45,4,0,0
BRDA:45,4,1,0
BRDA:46,5,0,0
BRDA:46,5,1,0
BRDA:46,5,2,0
BRDA:46,5,3,0
BRDA:55,6,0,0
BRDA:61,7,0,0
BRDA:68,8,0,1
BRDA:68,8,1,1
BRDA:68,8,2,0
BRDA:70,9,0,1
BRDA:78,10,0,0
BRDA:87,11,0,0
BRDA:88,12,0,0
BRDA:88,12,1,0
BRDA:99,13,0,0
BRDA:101,14,0,0
BRDA:101,14,1,0
BRDA:102,15,0,0
BRDA:102,15,1,0
BRDA:102,16,0,0
BRDA:102,16,1,0
BRDA:103,17,0,0
BRDA:108,18,0,0
BRDA:108,18,1,0
BRDA:112,19,0,0
BRDA:112,19,1,0
BRDA:113,20,0,0
BRDA:113,20,1,0
BRDA:113,20,2,0
BRDA:114,21,0,0
BRDA:114,21,1,0
BRDA:115,22,0,0
BRDA:115,22,1,0
BRDA:117,23,0,0
BRDA:117,23,1,0
BRDA:119,24,0,0
BRDA:119,24,1,0
BRDA:120,25,0,0
BRDA:120,25,1,0
BRDA:131,26,0,0
BRDA:132,27,0,0
BRDA:132,27,1,0
BRDA:145,28,0,0
BRDA:148,29,0,0
BRDA:148,29,1,0
BRDA:153,30,0,0
BRDA:153,30,1,0
BRDA:158,31,0,0
BRDA:176,32,0,0
BRDA:179,33,0,0
BRDA:179,33,1,0
BRDA:184,34,0,0
BRDA:184,34,1,0
BRDA:189,35,0,0
BRDA:207,36,0,0
BRDA:210,37,0,0
BRDA:210,37,1,0
BRDA:215,38,0,0
BRDA:215,38,1,0
BRDA:228,39,0,0
BRDA:231,40,0,0
BRDA:231,40,1,0
BRDA:236,41,0,0
BRDA:236,41,1,0
BRDA:249,42,0,0
BRDA:252,43,0,0
BRDA:252,43,1,0
BRDA:257,44,0,0
BRDA:257,44,1,0
BRDA:290,45,0,0
BRDA:290,46,0,0
BRDA:290,46,1,0
BRDA:295,47,0,0
BRDA:295,47,1,0
BRDA:295,47,2,0
BRDA:295,48,0,0
BRDA:295,48,1,0
BRDA:323,49,0,0
BRDA:323,49,1,0
BRDA:337,50,0,0
BRDA:338,51,0,0
BRDA:347,52,0,0
BRDA:347,52,1,0
BRDA:352,53,0,0
BRDA:358,54,0,0
BRDA:358,54,1,0
BRDA:358,54,2,0
BRDA:358,54,3,0
BRDA:363,55,0,0
BRDA:363,55,1,0
BRDA:363,55,2,0
BRDA:363,55,3,0
BRDA:371,56,0,0
BRDA:375,57,0,0
BRDA:375,57,1,0
BRDA:376,58,0,0
BRDA:376,58,1,0
BRDA:377,59,0,0
BRDA:377,59,1,0
BRDA:377,59,2,0
BRDA:378,60,0,0
BRDA:378,60,1,0
BRDA:401,61,0,0
BRDA:402,62,0,0
BRDA:402,62,1,0
BRDA:424,63,0,2
BRDA:429,64,0,0
BRDA:451,65,0,0
BRDA:451,65,1,0
BRDA:457,66,0,0
BRDA:462,67,0,0
BRDA:462,67,1,0
BRF:120
BRH:8
end_of_record
TN:
SF:src\utils\MessageChannelWrapper.ts
FN:7,createMessageChannel
FN:13,(anonymous_1)
FN:15,(anonymous_2)
FN:18,(anonymous_3)
FN:21,(anonymous_4)
FN:30,(anonymous_5)
FN:30,(anonymous_6)
FN:31,(anonymous_7)
FN:31,(anonymous_8)
FNF:9
FNH:1
FNDA:1,createMessageChannel
FNDA:0,(anonymous_1)
FNDA:0,(anonymous_2)
FNDA:0,(anonymous_3)
FNDA:0,(anonymous_4)
FNDA:0,(anonymous_5)
FNDA:0,(anonymous_6)
FNDA:0,(anonymous_7)
FNDA:0,(anonymous_8)
DA:8,1
DA:9,1
DA:14,0
DA:19,0
DA:22,0
DA:26,0
DA:27,0
DA:30,0
DA:31,0
DA:33,0
LF:10
LH:2
BRDA:8,0,0,1
BRF:1
BRH:1
end_of_record
TN:
SF:src\utils\pwa.ts
FN:11,(anonymous_0)
FN:15,(anonymous_1)
FN:35,(anonymous_2)
FN:60,(anonymous_3)
FN:63,(anonymous_4)
FN:79,(anonymous_5)
FN:80,(anonymous_6)
FN:98,(anonymous_7)
FN:113,(anonymous_8)
FN:123,(anonymous_9)
FN:141,(anonymous_10)
FN:180,(anonymous_11)
FN:181,(anonymous_12)
FN:187,(anonymous_13)
FN:196,(anonymous_14)
FN:197,(anonymous_15)
FN:221,(anonymous_16)
FN:238,(anonymous_17)
FN:250,(anonymous_18)
FN:258,(anonymous_19)
FN:268,(anonymous_20)
FN:279,(anonymous_21)
FNF:22
FNH:9
FNDA:1,(anonymous_0)
FNDA:1,(anonymous_1)
FNDA:1,(anonymous_2)
FNDA:0,(anonymous_3)
FNDA:0,(anonymous_4)
FNDA:1,(anonymous_5)
FNDA:1,(anonymous_6)
FNDA:1,(anonymous_7)
FNDA:0,(anonymous_8)
FNDA:1,(anonymous_9)
FNDA:0,(anonymous_10)
FNDA:1,(anonymous_11)
FNDA:0,(anonymous_12)
FNDA:0,(anonymous_13)
FNDA:1,(anonymous_14)
FNDA:0,(anonymous_15)
FNDA:0,(anonymous_16)
FNDA:0,(anonymous_17)
FNDA:0,(anonymous_18)
FNDA:0,(anonymous_19)
FNDA:0,(anonymous_20)
FNDA:0,(anonymous_21)
DA:7,1
DA:8,1
DA:9,1
DA:12,1
DA:17,1
DA:18,1
DA:19,1
DA:21,0
DA:26,1
DA:27,1
DA:28,1
DA:29,1
DA:36,1
DA:37,0
DA:41,0
DA:42,0
DA:45,0
DA:47,0
DA:48,0
DA:60,0
DA:61,0
DA:62,0
DA:63,0
DA:64,0
DA:65,0
DA:71,0
DA:80,1
DA:81,1
DA:83,1
DA:84,1
DA:85,1
DA:91,1
DA:100,1
DA:102,1
DA:103,1
DA:104,1
DA:105,1
DA:107,1
DA:108,1
DA:109,1
DA:110,1
DA:111,1
DA:112,1
DA:113,1
DA:114,0
DA:115,0
DA:116,0
DA:121,1
DA:122,1
DA:123,1
DA:124,1
DA:125,1
DA:126,1
DA:128,1
DA:129,1
DA:130,1
DA:142,0
DA:143,0
DA:144,0
DA:146,0
DA:147,0
DA:149,0
DA:150,0
DA:151,0
DA:154,0
DA:155,0
DA:156,0
DA:161,0
DA:164,0
DA:165,0
DA:166,0
DA:167,0
DA:170,0
DA:171,0
DA:172,0
DA:181,1
DA:182,0
DA:183,0
DA:184,0
DA:187,1
DA:188,0
DA:189,0
DA:197,1
DA:198,0
DA:200,0
DA:201,0
DA:202,0
DA:204,0
DA:205,0
DA:206,0
DA:207,0
DA:209,0
DA:210,0
DA:211,0
DA:222,0
DA:223,0
DA:224,0
DA:225,0
DA:229,0
DA:230,0
DA:231,0
DA:239,0
DA:240,0
DA:241,0
DA:242,0
DA:252,0
DA:253,0
DA:254,0
DA:258,0
DA:259,0
DA:260,0
DA:269,0
DA:280,0
LF:113
LH:42
BRDA:19,0,0,0
BRDA:36,1,0,0
BRDA:62,2,0,0
BRDA:64,3,0,0
BRDA:64,4,0,0
BRDA:64,4,1,0
BRDA:100,5,0,0
BRDA:103,6,0,0
BRDA:108,7,0,1
BRDA:114,8,0,0
BRDA:114,9,0,0
BRDA:114,9,1,0
BRDA:122,10,0,1
BRDA:142,11,0,0
BRDA:146,12,0,0
BRDA:146,12,1,0
BRDA:150,13,0,0
BRDA:166,14,0,0
BRDA:171,15,0,0
BRDA:201,16,0,0
BRDA:205,17,0,0
BRDA:207,18,0,0
BRDA:223,19,0,0
BRDA:224,20,0,0
BRDA:224,20,1,0
BRDA:225,21,0,0
BRDA:225,21,1,0
BRDA:230,22,0,0
BRDA:231,23,0,0
BRDA:231,23,1,0
BRDA:239,24,0,0
BRDA:239,25,0,0
BRDA:239,25,1,0
BRDA:241,26,0,0
BRDA:253,27,0,0
BRDA:259,28,0,0
BRDA:270,29,0,0
BRDA:270,29,1,0
BRDA:270,29,2,0
BRF:39
BRH:2
end_of_record
TN:
SF:tests\jest\helpers\mockServiceWorker.ts
FN:13,installMockServiceWorker
FN:18,(anonymous_1)
FN:20,(anonymous_2)
FN:22,(anonymous_3)
FN:26,(anonymous_4)
FN:29,(anonymous_5)
FN:37,(anonymous_6)
FN:41,(anonymous_7)
FN:41,(anonymous_8)
FN:42,(anonymous_9)
FN:42,(anonymous_10)
FN:48,(anonymous_11)
FN:55,(anonymous_12)
FN:64,(anonymous_13)
FN:85,uninstall
FNF:15
FNH:9
FNDA:1,installMockServiceWorker
FNDA:2,(anonymous_1)
FNDA:0,(anonymous_2)
FNDA:0,(anonymous_3)
FNDA:1,(anonymous_4)
FNDA:0,(anonymous_5)
FNDA:1,(anonymous_6)
FNDA:0,(anonymous_7)
FNDA:0,(anonymous_8)
FNDA:1,(anonymous_9)
FNDA:1,(anonymous_10)
FNDA:1,(anonymous_11)
FNDA:1,(anonymous_12)
FNDA:0,(anonymous_13)
FNDA:1,uninstall
DA:17,1
DA:19,2
DA:22,0
DA:23,0
DA:27,1
DA:30,0
DA:34,1
DA:38,1
DA:39,1
DA:41,1
DA:42,1
DA:47,1
DA:50,1
DA:51,1
DA:54,1
DA:56,1
DA:57,1
DA:59,1
DA:61,0
DA:64,0
DA:69,1
DA:72,1
DA:73,1
DA:75,0
DA:78,1
DA:80,1
DA:85,1
DA:87,1
LF:28
LH:22
BRDA:17,0,0,1
BRDA:23,1,0,0
BRDA:50,2,0,1
BRDA:50,2,1,1
BRDA:51,3,0,0
BRDA:51,4,0,1
BRDA:51,4,1,1
BRDA:72,5,0,1
BRDA:72,5,1,0
BRDA:73,6,0,0
BRF:10
BRH:6
end_of_record
